{"c:\\ITProjects\\cubismo\\cubismo\\classes\\Catalogs.js":{"path":"c:\\ITProjects\\cubismo\\cubismo\\classes\\Catalogs.js","statementMap":{"0":{"start":{"line":2,"column":19},"end":{"line":2,"column":45}},"1":{"start":{"line":6,"column":15},"end":{"line":6,"column":17}},"2":{"start":{"line":8,"column":4},"end":{"line":8,"column":70}},"3":{"start":{"line":10,"column":0},"end":{"line":10,"column":26}}},"fnMap":{"0":{"name":"Catalogs","decl":{"start":{"line":4,"column":9},"end":{"line":4,"column":17}},"loc":{"start":{"line":4,"column":62},"end":{"line":9,"column":1}},"line":4}},"branchMap":{},"s":{"0":0,"1":0,"2":0,"3":0},"f":{"0":0},"b":{},"all":true},"c:\\ITProjects\\cubismo\\cubismo\\classes\\Catalogs.Model.js":{"path":"c:\\ITProjects\\cubismo\\cubismo\\classes\\Catalogs.Model.js","statementMap":{"0":{"start":{"line":3,"column":0},"end":{"line":16,"column":1}},"1":{"start":{"line":5,"column":22},"end":{"line":5,"column":50}},"2":{"start":{"line":6,"column":2},"end":{"line":6,"column":30}},"3":{"start":{"line":7,"column":2},"end":{"line":13,"column":3}},"4":{"start":{"line":8,"column":4},"end":{"line":12,"column":5}},"5":{"start":{"line":9,"column":6},"end":{"line":11,"column":7}},"6":{"start":{"line":10,"column":8},"end":{"line":10,"column":49}},"7":{"start":{"line":15,"column":2},"end":{"line":15,"column":21}}},"fnMap":{"0":{"name":"(anonymous_0)","decl":{"start":{"line":3,"column":18},"end":{"line":3,"column":19}},"loc":{"start":{"line":3,"column":55},"end":{"line":16,"column":1}},"line":3}},"branchMap":{"0":{"loc":{"start":{"line":7,"column":2},"end":{"line":13,"column":3}},"type":"if","locations":[{"start":{"line":7,"column":2},"end":{"line":13,"column":3}},{"start":{"line":7,"column":2},"end":{"line":13,"column":3}}],"line":7},"1":{"loc":{"start":{"line":9,"column":6},"end":{"line":11,"column":7}},"type":"if","locations":[{"start":{"line":9,"column":6},"end":{"line":11,"column":7}},{"start":{"line":9,"column":6},"end":{"line":11,"column":7}}],"line":9},"2":{"loc":{"start":{"line":9,"column":9},"end":{"line":9,"column":52}},"type":"binary-expr","locations":[{"start":{"line":9,"column":9},"end":{"line":9,"column":26}},{"start":{"line":9,"column":30},"end":{"line":9,"column":52}}],"line":9}},"s":{"0":0,"1":0,"2":0,"3":0,"4":0,"5":0,"6":0,"7":0},"f":{"0":0},"b":{"0":[0,0],"1":[0,0],"2":[0,0]},"all":true},"c:\\ITProjects\\cubismo\\cubismo\\classes\\CollectionType.js":{"path":"c:\\ITProjects\\cubismo\\cubismo\\classes\\CollectionType.js","statementMap":{"0":{"start":{"line":4,"column":11},"end":{"line":4,"column":24}},"1":{"start":{"line":5,"column":13},"end":{"line":5,"column":28}},"2":{"start":{"line":6,"column":10},"end":{"line":6,"column":27}},"3":{"start":{"line":8,"column":16},"end":{"line":8,"column":40}},"4":{"start":{"line":10,"column":13},"end":{"line":10,"column":33}},"5":{"start":{"line":12,"column":13},"end":{"line":12,"column":37}},"6":{"start":{"line":17,"column":12},"end":{"line":33,"column":39}},"7":{"start":{"line":18,"column":16},"end":{"line":32,"column":18}},"8":{"start":{"line":19,"column":20},"end":{"line":21,"column":21}},"9":{"start":{"line":20,"column":24},"end":{"line":20,"column":63}},"10":{"start":{"line":23,"column":20},"end":{"line":30,"column":21}},"11":{"start":{"line":25,"column":24},"end":{"line":25,"column":38}},"12":{"start":{"line":27,"column":24},"end":{"line":27,"column":72}},"13":{"start":{"line":28,"column":37},"end":{"line":28,"column":57}},"14":{"start":{"line":29,"column":24},"end":{"line":29,"column":36}},"15":{"start":{"line":35,"column":4},"end":{"line":35,"column":16}},"16":{"start":{"line":36,"column":4},"end":{"line":36,"column":36}},"17":{"start":{"line":37,"column":4},"end":{"line":37,"column":48}},"18":{"start":{"line":39,"column":17},"end":{"line":39,"column":21}},"19":{"start":{"line":41,"column":4},"end":{"line":45,"column":7}},"20":{"start":{"line":47,"column":25},"end":{"line":47,"column":50}},"21":{"start":{"line":48,"column":4},"end":{"line":56,"column":7}},"22":{"start":{"line":49,"column":8},"end":{"line":55,"column":9}},"23":{"start":{"line":50,"column":12},"end":{"line":54,"column":15}},"24":{"start":{"line":58,"column":4},"end":{"line":60,"column":5}},"25":{"start":{"line":59,"column":8},"end":{"line":59,"column":58}},"26":{"start":{"line":63,"column":4},"end":{"line":85,"column":5}},"27":{"start":{"line":64,"column":21},"end":{"line":64,"column":25}},"28":{"start":{"line":65,"column":8},"end":{"line":67,"column":9}},"29":{"start":{"line":66,"column":12},"end":{"line":66,"column":28}},"30":{"start":{"line":68,"column":8},"end":{"line":68,"column":31}},"31":{"start":{"line":70,"column":12},"end":{"line":77,"column":14}},"32":{"start":{"line":72,"column":16},"end":{"line":76,"column":19}},"33":{"start":{"line":73,"column":20},"end":{"line":75,"column":22}},"34":{"start":{"line":74,"column":24},"end":{"line":74,"column":39}},"35":{"start":{"line":80,"column":8},"end":{"line":84,"column":11}},"36":{"start":{"line":81,"column":12},"end":{"line":83,"column":15}},"37":{"start":{"line":82,"column":16},"end":{"line":82,"column":56}},"38":{"start":{"line":87,"column":4},"end":{"line":90,"column":5}},"39":{"start":{"line":89,"column":8},"end":{"line":89,"column":58}},"40":{"start":{"line":92,"column":4},"end":{"line":98,"column":5}},"41":{"start":{"line":93,"column":33},"end":{"line":93,"column":67}},"42":{"start":{"line":94,"column":8},"end":{"line":96,"column":9}},"43":{"start":{"line":95,"column":12},"end":{"line":95,"column":94}},"44":{"start":{"line":97,"column":8},"end":{"line":97,"column":25}},"45":{"start":{"line":104,"column":4},"end":{"line":107,"column":5}},"46":{"start":{"line":105,"column":8},"end":{"line":105,"column":64}},"47":{"start":{"line":106,"column":8},"end":{"line":106,"column":35}},"48":{"start":{"line":108,"column":4},"end":{"line":112,"column":5}},"49":{"start":{"line":109,"column":8},"end":{"line":109,"column":79}},"50":{"start":{"line":111,"column":8},"end":{"line":111,"column":79}},"51":{"start":{"line":114,"column":4},"end":{"line":121,"column":5}},"52":{"start":{"line":115,"column":27},"end":{"line":115,"column":45}},"53":{"start":{"line":116,"column":8},"end":{"line":120,"column":9}},"54":{"start":{"line":117,"column":12},"end":{"line":119,"column":13}},"55":{"start":{"line":118,"column":16},"end":{"line":118,"column":55}},"56":{"start":{"line":123,"column":4},"end":{"line":129,"column":5}},"57":{"start":{"line":124,"column":8},"end":{"line":128,"column":9}},"58":{"start":{"line":125,"column":12},"end":{"line":127,"column":13}},"59":{"start":{"line":126,"column":16},"end":{"line":126,"column":57}},"60":{"start":{"line":130,"column":4},"end":{"line":130,"column":23}},"61":{"start":{"line":135,"column":4},"end":{"line":137,"column":5}},"62":{"start":{"line":136,"column":8},"end":{"line":136,"column":24}},"63":{"start":{"line":138,"column":4},"end":{"line":140,"column":5}},"64":{"start":{"line":139,"column":8},"end":{"line":139,"column":56}},"65":{"start":{"line":142,"column":4},"end":{"line":144,"column":5}},"66":{"start":{"line":143,"column":8},"end":{"line":143,"column":32}},"67":{"start":{"line":145,"column":4},"end":{"line":149,"column":5}},"68":{"start":{"line":146,"column":8},"end":{"line":146,"column":65}},"69":{"start":{"line":151,"column":4},"end":{"line":155,"column":5}},"70":{"start":{"line":152,"column":8},"end":{"line":152,"column":64}},"71":{"start":{"line":154,"column":8},"end":{"line":154,"column":31}},"72":{"start":{"line":157,"column":4},"end":{"line":161,"column":5}},"73":{"start":{"line":158,"column":8},"end":{"line":158,"column":33}},"74":{"start":{"line":160,"column":8},"end":{"line":160,"column":31}},"75":{"start":{"line":163,"column":4},"end":{"line":163,"column":48}},"76":{"start":{"line":164,"column":4},"end":{"line":164,"column":33}},"77":{"start":{"line":165,"column":4},"end":{"line":165,"column":35}},"78":{"start":{"line":166,"column":4},"end":{"line":166,"column":29}},"79":{"start":{"line":167,"column":4},"end":{"line":167,"column":43}},"80":{"start":{"line":169,"column":17},"end":{"line":169,"column":37}},"81":{"start":{"line":171,"column":8},"end":{"line":178,"column":14}},"82":{"start":{"line":174,"column":16},"end":{"line":174,"column":37}},"83":{"start":{"line":177,"column":16},"end":{"line":177,"column":55}},"84":{"start":{"line":181,"column":4},"end":{"line":185,"column":7}},"85":{"start":{"line":182,"column":8},"end":{"line":184,"column":11}},"86":{"start":{"line":183,"column":12},"end":{"line":183,"column":52}},"87":{"start":{"line":192,"column":26},"end":{"line":192,"column":37}},"88":{"start":{"line":195,"column":29},"end":{"line":195,"column":31}},"89":{"start":{"line":196,"column":24},"end":{"line":199,"column":13}},"90":{"start":{"line":200,"column":12},"end":{"line":202,"column":13}},"91":{"start":{"line":201,"column":16},"end":{"line":201,"column":39}},"92":{"start":{"line":203,"column":12},"end":{"line":203,"column":32}},"93":{"start":{"line":205,"column":12},"end":{"line":205,"column":28}},"94":{"start":{"line":208,"column":27},"end":{"line":208,"column":43}},"95":{"start":{"line":210,"column":8},"end":{"line":251,"column":9}},"96":{"start":{"line":211,"column":12},"end":{"line":250,"column":13}},"97":{"start":{"line":212,"column":36},"end":{"line":212,"column":59}},"98":{"start":{"line":213,"column":16},"end":{"line":249,"column":17}},"99":{"start":{"line":214,"column":20},"end":{"line":228,"column":21}},"100":{"start":{"line":215,"column":40},"end":{"line":215,"column":51}},"101":{"start":{"line":216,"column":34},"end":{"line":216,"column":39}},"102":{"start":{"line":217,"column":24},"end":{"line":222,"column":25}},"103":{"start":{"line":217,"column":37},"end":{"line":217,"column":38}},"104":{"start":{"line":218,"column":28},"end":{"line":220,"column":29}},"105":{"start":{"line":219,"column":32},"end":{"line":219,"column":43}},"106":{"start":{"line":221,"column":28},"end":{"line":221,"column":100}},"107":{"start":{"line":224,"column":24},"end":{"line":227,"column":27}},"108":{"start":{"line":229,"column":23},"end":{"line":249,"column":17}},"109":{"start":{"line":230,"column":36},"end":{"line":234,"column":21}},"110":{"start":{"line":235,"column":20},"end":{"line":235,"column":48}},"111":{"start":{"line":236,"column":20},"end":{"line":248,"column":21}},"112":{"start":{"line":237,"column":45},"end":{"line":237,"column":56}},"113":{"start":{"line":238,"column":24},"end":{"line":247,"column":25}},"114":{"start":{"line":239,"column":51},"end":{"line":239,"column":91}},"115":{"start":{"line":240,"column":28},"end":{"line":245,"column":29}},"116":{"start":{"line":241,"column":32},"end":{"line":244,"column":35}},"117":{"start":{"line":246,"column":28},"end":{"line":246,"column":63}},"118":{"start":{"line":252,"column":8},"end":{"line":252,"column":27}},"119":{"start":{"line":256,"column":26},"end":{"line":256,"column":42}},"120":{"start":{"line":257,"column":8},"end":{"line":259,"column":9}},"121":{"start":{"line":258,"column":12},"end":{"line":258,"column":29}},"122":{"start":{"line":260,"column":25},"end":{"line":260,"column":48}},"123":{"start":{"line":261,"column":8},"end":{"line":263,"column":9}},"124":{"start":{"line":262,"column":12},"end":{"line":262,"column":45}},"125":{"start":{"line":264,"column":8},"end":{"line":264,"column":37}},"126":{"start":{"line":265,"column":8},"end":{"line":265,"column":43}},"127":{"start":{"line":266,"column":8},"end":{"line":273,"column":15}},"128":{"start":{"line":269,"column":16},"end":{"line":269,"column":46}},"129":{"start":{"line":272,"column":16},"end":{"line":272,"column":39}},"130":{"start":{"line":276,"column":4},"end":{"line":278,"column":5}},"131":{"start":{"line":277,"column":8},"end":{"line":277,"column":47}},"132":{"start":{"line":280,"column":4},"end":{"line":284,"column":7}},"133":{"start":{"line":281,"column":8},"end":{"line":283,"column":11}},"134":{"start":{"line":282,"column":12},"end":{"line":282,"column":52}},"135":{"start":{"line":287,"column":0},"end":{"line":287,"column":32}}},"fnMap":{"0":{"name":"CollectionType","decl":{"start":{"line":14,"column":9},"end":{"line":14,"column":23}},"loc":{"start":{"line":14,"column":36},"end":{"line":99,"column":1}},"line":14},"1":{"name":"(anonymous_1)","decl":{"start":{"line":17,"column":13},"end":{"line":17,"column":14}},"loc":{"start":{"line":17,"column":33},"end":{"line":33,"column":13}},"line":17},"2":{"name":"(anonymous_2)","decl":{"start":{"line":18,"column":41},"end":{"line":18,"column":42}},"loc":{"start":{"line":18,"column":68},"end":{"line":32,"column":17}},"line":18},"3":{"name":"(anonymous_3)","decl":{"start":{"line":48,"column":30},"end":{"line":48,"column":31}},"loc":{"start":{"line":48,"column":45},"end":{"line":56,"column":5}},"line":48},"4":{"name":"(anonymous_4)","decl":{"start":{"line":58,"column":25},"end":{"line":58,"column":26}},"loc":{"start":{"line":58,"column":53},"end":{"line":60,"column":5}},"line":58},"5":{"name":"(anonymous_5)","decl":{"start":{"line":63,"column":26},"end":{"line":63,"column":27}},"loc":{"start":{"line":63,"column":54},"end":{"line":85,"column":5}},"line":63},"6":{"name":"mainFunction","decl":{"start":{"line":69,"column":17},"end":{"line":69,"column":29}},"loc":{"start":{"line":69,"column":40},"end":{"line":78,"column":9}},"line":69},"7":{"name":"(anonymous_7)","decl":{"start":{"line":71,"column":18},"end":{"line":71,"column":19}},"loc":{"start":{"line":71,"column":26},"end":{"line":77,"column":13}},"line":71},"8":{"name":"(anonymous_8)","decl":{"start":{"line":72,"column":43},"end":{"line":72,"column":44}},"loc":{"start":{"line":72,"column":70},"end":{"line":76,"column":17}},"line":72},"9":{"name":"(anonymous_9)","decl":{"start":{"line":73,"column":51},"end":{"line":73,"column":52}},"loc":{"start":{"line":73,"column":68},"end":{"line":75,"column":21}},"line":73},"10":{"name":"(anonymous_10)","decl":{"start":{"line":80,"column":27},"end":{"line":80,"column":28}},"loc":{"start":{"line":80,"column":54},"end":{"line":84,"column":9}},"line":80},"11":{"name":"(anonymous_11)","decl":{"start":{"line":81,"column":25},"end":{"line":81,"column":26}},"loc":{"start":{"line":81,"column":50},"end":{"line":83,"column":13}},"line":81},"12":{"name":"(anonymous_12)","decl":{"start":{"line":87,"column":28},"end":{"line":87,"column":29}},"loc":{"start":{"line":87,"column":63},"end":{"line":90,"column":5}},"line":87},"13":{"name":"(anonymous_13)","decl":{"start":{"line":92,"column":27},"end":{"line":92,"column":28}},"loc":{"start":{"line":92,"column":56},"end":{"line":98,"column":5}},"line":92},"14":{"name":"_new","decl":{"start":{"line":101,"column":9},"end":{"line":101,"column":13}},"loc":{"start":{"line":101,"column":45},"end":{"line":131,"column":1}},"line":101},"15":{"name":"_show","decl":{"start":{"line":133,"column":9},"end":{"line":133,"column":14}},"loc":{"start":{"line":133,"column":40},"end":{"line":186,"column":1}},"line":133},"16":{"name":"mainFunction","decl":{"start":{"line":170,"column":13},"end":{"line":170,"column":25}},"loc":{"start":{"line":170,"column":36},"end":{"line":179,"column":5}},"line":170},"17":{"name":"(anonymous_17)","decl":{"start":{"line":172,"column":18},"end":{"line":172,"column":19}},"loc":{"start":{"line":172,"column":32},"end":{"line":175,"column":13}},"line":172},"18":{"name":"(anonymous_18)","decl":{"start":{"line":176,"column":19},"end":{"line":176,"column":20}},"loc":{"start":{"line":176,"column":26},"end":{"line":178,"column":13}},"line":176},"19":{"name":"(anonymous_19)","decl":{"start":{"line":181,"column":23},"end":{"line":181,"column":24}},"loc":{"start":{"line":181,"column":50},"end":{"line":185,"column":5}},"line":181},"20":{"name":"(anonymous_20)","decl":{"start":{"line":182,"column":21},"end":{"line":182,"column":22}},"loc":{"start":{"line":182,"column":46},"end":{"line":184,"column":9}},"line":182},"21":{"name":"_select","decl":{"start":{"line":188,"column":9},"end":{"line":188,"column":16}},"loc":{"start":{"line":188,"column":49},"end":{"line":285,"column":1}},"line":188},"22":{"name":"defineInclusions","decl":{"start":{"line":190,"column":13},"end":{"line":190,"column":29}},"loc":{"start":{"line":190,"column":37},"end":{"line":253,"column":5}},"line":190},"23":{"name":"include","decl":{"start":{"line":194,"column":17},"end":{"line":194,"column":24}},"loc":{"start":{"line":194,"column":56},"end":{"line":206,"column":9}},"line":194},"24":{"name":"mainFunction","decl":{"start":{"line":255,"column":13},"end":{"line":255,"column":25}},"loc":{"start":{"line":255,"column":45},"end":{"line":274,"column":5}},"line":255},"25":{"name":"(anonymous_25)","decl":{"start":{"line":268,"column":18},"end":{"line":268,"column":19}},"loc":{"start":{"line":268,"column":28},"end":{"line":270,"column":13}},"line":268},"26":{"name":"(anonymous_26)","decl":{"start":{"line":271,"column":19},"end":{"line":271,"column":20}},"loc":{"start":{"line":271,"column":30},"end":{"line":273,"column":13}},"line":271},"27":{"name":"(anonymous_27)","decl":{"start":{"line":280,"column":23},"end":{"line":280,"column":24}},"loc":{"start":{"line":280,"column":50},"end":{"line":284,"column":5}},"line":280},"28":{"name":"(anonymous_28)","decl":{"start":{"line":281,"column":30},"end":{"line":281,"column":31}},"loc":{"start":{"line":281,"column":55},"end":{"line":283,"column":9}},"line":281}},"branchMap":{"0":{"loc":{"start":{"line":19,"column":20},"end":{"line":21,"column":21}},"type":"if","locations":[{"start":{"line":19,"column":20},"end":{"line":21,"column":21}},{"start":{"line":19,"column":20},"end":{"line":21,"column":21}}],"line":19},"1":{"loc":{"start":{"line":23,"column":20},"end":{"line":30,"column":21}},"type":"if","locations":[{"start":{"line":23,"column":20},"end":{"line":30,"column":21}},{"start":{"line":23,"column":20},"end":{"line":30,"column":21}}],"line":23},"2":{"loc":{"start":{"line":49,"column":8},"end":{"line":55,"column":9}},"type":"if","locations":[{"start":{"line":49,"column":8},"end":{"line":55,"column":9}},{"start":{"line":49,"column":8},"end":{"line":55,"column":9}}],"line":49},"3":{"loc":{"start":{"line":65,"column":8},"end":{"line":67,"column":9}},"type":"if","locations":[{"start":{"line":65,"column":8},"end":{"line":67,"column":9}},{"start":{"line":65,"column":8},"end":{"line":67,"column":9}}],"line":65},"4":{"loc":{"start":{"line":82,"column":16},"end":{"line":82,"column":55}},"type":"cond-expr","locations":[{"start":{"line":82,"column":24},"end":{"line":82,"column":37}},{"start":{"line":82,"column":40},"end":{"line":82,"column":55}}],"line":82},"5":{"loc":{"start":{"line":94,"column":8},"end":{"line":96,"column":9}},"type":"if","locations":[{"start":{"line":94,"column":8},"end":{"line":96,"column":9}},{"start":{"line":94,"column":8},"end":{"line":96,"column":9}}],"line":94},"6":{"loc":{"start":{"line":104,"column":4},"end":{"line":107,"column":5}},"type":"if","locations":[{"start":{"line":104,"column":4},"end":{"line":107,"column":5}},{"start":{"line":104,"column":4},"end":{"line":107,"column":5}}],"line":104},"7":{"loc":{"start":{"line":104,"column":8},"end":{"line":104,"column":77}},"type":"binary-expr","locations":[{"start":{"line":104,"column":8},"end":{"line":104,"column":24}},{"start":{"line":104,"column":28},"end":{"line":104,"column":46}},{"start":{"line":104,"column":50},"end":{"line":104,"column":77}}],"line":104},"8":{"loc":{"start":{"line":108,"column":4},"end":{"line":112,"column":5}},"type":"if","locations":[{"start":{"line":108,"column":4},"end":{"line":112,"column":5}},{"start":{"line":108,"column":4},"end":{"line":112,"column":5}}],"line":108},"9":{"loc":{"start":{"line":108,"column":8},"end":{"line":108,"column":66}},"type":"binary-expr","locations":[{"start":{"line":108,"column":8},"end":{"line":108,"column":24}},{"start":{"line":108,"column":28},"end":{"line":108,"column":66}}],"line":108},"10":{"loc":{"start":{"line":114,"column":4},"end":{"line":121,"column":5}},"type":"if","locations":[{"start":{"line":114,"column":4},"end":{"line":121,"column":5}},{"start":{"line":114,"column":4},"end":{"line":121,"column":5}}],"line":114},"11":{"loc":{"start":{"line":117,"column":12},"end":{"line":119,"column":13}},"type":"if","locations":[{"start":{"line":117,"column":12},"end":{"line":119,"column":13}},{"start":{"line":117,"column":12},"end":{"line":119,"column":13}}],"line":117},"12":{"loc":{"start":{"line":123,"column":4},"end":{"line":129,"column":5}},"type":"if","locations":[{"start":{"line":123,"column":4},"end":{"line":129,"column":5}},{"start":{"line":123,"column":4},"end":{"line":129,"column":5}}],"line":123},"13":{"loc":{"start":{"line":125,"column":12},"end":{"line":127,"column":13}},"type":"if","locations":[{"start":{"line":125,"column":12},"end":{"line":127,"column":13}},{"start":{"line":125,"column":12},"end":{"line":127,"column":13}}],"line":125},"14":{"loc":{"start":{"line":125,"column":16},"end":{"line":125,"column":60}},"type":"binary-expr","locations":[{"start":{"line":125,"column":16},"end":{"line":125,"column":33}},{"start":{"line":125,"column":37},"end":{"line":125,"column":60}}],"line":125},"15":{"loc":{"start":{"line":135,"column":4},"end":{"line":137,"column":5}},"type":"if","locations":[{"start":{"line":135,"column":4},"end":{"line":137,"column":5}},{"start":{"line":135,"column":4},"end":{"line":137,"column":5}}],"line":135},"16":{"loc":{"start":{"line":138,"column":4},"end":{"line":140,"column":5}},"type":"if","locations":[{"start":{"line":138,"column":4},"end":{"line":140,"column":5}},{"start":{"line":138,"column":4},"end":{"line":140,"column":5}}],"line":138},"17":{"loc":{"start":{"line":142,"column":4},"end":{"line":144,"column":5}},"type":"if","locations":[{"start":{"line":142,"column":4},"end":{"line":144,"column":5}},{"start":{"line":142,"column":4},"end":{"line":144,"column":5}}],"line":142},"18":{"loc":{"start":{"line":145,"column":4},"end":{"line":149,"column":5}},"type":"if","locations":[{"start":{"line":145,"column":4},"end":{"line":149,"column":5}},{"start":{"line":145,"column":4},"end":{"line":149,"column":5}}],"line":145},"19":{"loc":{"start":{"line":145,"column":8},"end":{"line":145,"column":66}},"type":"binary-expr","locations":[{"start":{"line":145,"column":8},"end":{"line":145,"column":26}},{"start":{"line":145,"column":30},"end":{"line":145,"column":66}}],"line":145},"20":{"loc":{"start":{"line":151,"column":4},"end":{"line":155,"column":5}},"type":"if","locations":[{"start":{"line":151,"column":4},"end":{"line":155,"column":5}},{"start":{"line":151,"column":4},"end":{"line":155,"column":5}}],"line":151},"21":{"loc":{"start":{"line":151,"column":8},"end":{"line":151,"column":64}},"type":"binary-expr","locations":[{"start":{"line":151,"column":8},"end":{"line":151,"column":25}},{"start":{"line":151,"column":29},"end":{"line":151,"column":64}}],"line":151},"22":{"loc":{"start":{"line":157,"column":4},"end":{"line":161,"column":5}},"type":"if","locations":[{"start":{"line":157,"column":4},"end":{"line":161,"column":5}},{"start":{"line":157,"column":4},"end":{"line":161,"column":5}}],"line":157},"23":{"loc":{"start":{"line":183,"column":12},"end":{"line":183,"column":51}},"type":"cond-expr","locations":[{"start":{"line":183,"column":20},"end":{"line":183,"column":33}},{"start":{"line":183,"column":36},"end":{"line":183,"column":51}}],"line":183},"24":{"loc":{"start":{"line":200,"column":12},"end":{"line":202,"column":13}},"type":"if","locations":[{"start":{"line":200,"column":12},"end":{"line":202,"column":13}},{"start":{"line":200,"column":12},"end":{"line":202,"column":13}}],"line":200},"25":{"loc":{"start":{"line":210,"column":8},"end":{"line":251,"column":9}},"type":"if","locations":[{"start":{"line":210,"column":8},"end":{"line":251,"column":9}},{"start":{"line":210,"column":8},"end":{"line":251,"column":9}}],"line":210},"26":{"loc":{"start":{"line":213,"column":16},"end":{"line":249,"column":17}},"type":"if","locations":[{"start":{"line":213,"column":16},"end":{"line":249,"column":17}},{"start":{"line":213,"column":16},"end":{"line":249,"column":17}}],"line":213},"27":{"loc":{"start":{"line":214,"column":20},"end":{"line":228,"column":21}},"type":"if","locations":[{"start":{"line":214,"column":20},"end":{"line":228,"column":21}},{"start":{"line":214,"column":20},"end":{"line":228,"column":21}}],"line":214},"28":{"loc":{"start":{"line":218,"column":28},"end":{"line":220,"column":29}},"type":"if","locations":[{"start":{"line":218,"column":28},"end":{"line":220,"column":29}},{"start":{"line":218,"column":28},"end":{"line":220,"column":29}}],"line":218},"29":{"loc":{"start":{"line":229,"column":23},"end":{"line":249,"column":17}},"type":"if","locations":[{"start":{"line":229,"column":23},"end":{"line":249,"column":17}},{"start":{"line":229,"column":23},"end":{"line":249,"column":17}}],"line":229},"30":{"loc":{"start":{"line":236,"column":20},"end":{"line":248,"column":21}},"type":"if","locations":[{"start":{"line":236,"column":20},"end":{"line":248,"column":21}},{"start":{"line":236,"column":20},"end":{"line":248,"column":21}}],"line":236},"31":{"loc":{"start":{"line":240,"column":28},"end":{"line":245,"column":29}},"type":"if","locations":[{"start":{"line":240,"column":28},"end":{"line":245,"column":29}},{"start":{"line":240,"column":28},"end":{"line":245,"column":29}}],"line":240},"32":{"loc":{"start":{"line":257,"column":8},"end":{"line":259,"column":9}},"type":"if","locations":[{"start":{"line":257,"column":8},"end":{"line":259,"column":9}},{"start":{"line":257,"column":8},"end":{"line":259,"column":9}}],"line":257},"33":{"loc":{"start":{"line":261,"column":8},"end":{"line":263,"column":9}},"type":"if","locations":[{"start":{"line":261,"column":8},"end":{"line":263,"column":9}},{"start":{"line":261,"column":8},"end":{"line":263,"column":9}}],"line":261},"34":{"loc":{"start":{"line":276,"column":4},"end":{"line":278,"column":5}},"type":"if","locations":[{"start":{"line":276,"column":4},"end":{"line":278,"column":5}},{"start":{"line":276,"column":4},"end":{"line":278,"column":5}}],"line":276},"35":{"loc":{"start":{"line":282,"column":12},"end":{"line":282,"column":51}},"type":"cond-expr","locations":[{"start":{"line":282,"column":20},"end":{"line":282,"column":33}},{"start":{"line":282,"column":36},"end":{"line":282,"column":51}}],"line":282}},"s":{"0":0,"1":0,"2":0,"3":0,"4":0,"5":0,"6":0,"7":0,"8":0,"9":0,"10":0,"11":0,"12":0,"13":0,"14":0,"15":0,"16":0,"17":0,"18":0,"19":0,"20":0,"21":0,"22":0,"23":0,"24":0,"25":0,"26":0,"27":0,"28":0,"29":0,"30":0,"31":0,"32":0,"33":0,"34":0,"35":0,"36":0,"37":0,"38":0,"39":0,"40":0,"41":0,"42":0,"43":0,"44":0,"45":0,"46":0,"47":0,"48":0,"49":0,"50":0,"51":0,"52":0,"53":0,"54":0,"55":0,"56":0,"57":0,"58":0,"59":0,"60":0,"61":0,"62":0,"63":0,"64":0,"65":0,"66":0,"67":0,"68":0,"69":0,"70":0,"71":0,"72":0,"73":0,"74":0,"75":0,"76":0,"77":0,"78":0,"79":0,"80":0,"81":0,"82":0,"83":0,"84":0,"85":0,"86":0,"87":0,"88":0,"89":0,"90":0,"91":0,"92":0,"93":0,"94":0,"95":0,"96":0,"97":0,"98":0,"99":0,"100":0,"101":0,"102":0,"103":0,"104":0,"105":0,"106":0,"107":0,"108":0,"109":0,"110":0,"111":0,"112":0,"113":0,"114":0,"115":0,"116":0,"117":0,"118":0,"119":0,"120":0,"121":0,"122":0,"123":0,"124":0,"125":0,"126":0,"127":0,"128":0,"129":0,"130":0,"131":0,"132":0,"133":0,"134":0,"135":0},"f":{"0":0,"1":0,"2":0,"3":0,"4":0,"5":0,"6":0,"7":0,"8":0,"9":0,"10":0,"11":0,"12":0,"13":0,"14":0,"15":0,"16":0,"17":0,"18":0,"19":0,"20":0,"21":0,"22":0,"23":0,"24":0,"25":0,"26":0,"27":0,"28":0},"b":{"0":[0,0],"1":[0,0],"2":[0,0],"3":[0,0],"4":[0,0],"5":[0,0],"6":[0,0],"7":[0,0,0],"8":[0,0],"9":[0,0],"10":[0,0],"11":[0,0],"12":[0,0],"13":[0,0],"14":[0,0],"15":[0,0],"16":[0,0],"17":[0,0],"18":[0,0],"19":[0,0],"20":[0,0],"21":[0,0],"22":[0,0],"23":[0,0],"24":[0,0],"25":[0,0],"26":[0,0],"27":[0,0],"28":[0,0],"29":[0,0],"30":[0,0],"31":[0,0],"32":[0,0],"33":[0,0],"34":[0,0],"35":[0,0]},"all":true},"c:\\ITProjects\\cubismo\\cubismo\\classes\\Common.js":{"path":"c:\\ITProjects\\cubismo\\cubismo\\classes\\Common.js","statementMap":{"0":{"start":{"line":2,"column":19},"end":{"line":2,"column":45}},"1":{"start":{"line":3,"column":13},"end":{"line":3,"column":37}},"2":{"start":{"line":7,"column":4},"end":{"line":7,"column":17}},"3":{"start":{"line":8,"column":4},"end":{"line":8,"column":37}},"4":{"start":{"line":9,"column":4},"end":{"line":9,"column":23}},"5":{"start":{"line":10,"column":4},"end":{"line":10,"column":29}},"6":{"start":{"line":12,"column":4},"end":{"line":12,"column":70}},"7":{"start":{"line":15,"column":0},"end":{"line":31,"column":1}},"8":{"start":{"line":17,"column":4},"end":{"line":17,"column":20}},"9":{"start":{"line":18,"column":4},"end":{"line":18,"column":28}},"10":{"start":{"line":19,"column":4},"end":{"line":19,"column":27}},"11":{"start":{"line":20,"column":4},"end":{"line":20,"column":31}},"12":{"start":{"line":22,"column":4},"end":{"line":24,"column":5}},"13":{"start":{"line":23,"column":8},"end":{"line":23,"column":38}},"14":{"start":{"line":26,"column":4},"end":{"line":26,"column":48}},"15":{"start":{"line":27,"column":4},"end":{"line":27,"column":34}},"16":{"start":{"line":28,"column":4},"end":{"line":28,"column":32}},"17":{"start":{"line":30,"column":4},"end":{"line":30,"column":32}},"18":{"start":{"line":32,"column":0},"end":{"line":32,"column":24}}},"fnMap":{"0":{"name":"Common","decl":{"start":{"line":5,"column":9},"end":{"line":5,"column":15}},"loc":{"start":{"line":5,"column":60},"end":{"line":13,"column":1}},"line":5},"1":{"name":"(anonymous_1)","decl":{"start":{"line":15,"column":25},"end":{"line":15,"column":26}},"loc":{"start":{"line":15,"column":52},"end":{"line":31,"column":1}},"line":15}},"branchMap":{"0":{"loc":{"start":{"line":22,"column":4},"end":{"line":24,"column":5}},"type":"if","locations":[{"start":{"line":22,"column":4},"end":{"line":24,"column":5}},{"start":{"line":22,"column":4},"end":{"line":24,"column":5}}],"line":22},"1":{"loc":{"start":{"line":22,"column":7},"end":{"line":22,"column":28}},"type":"binary-expr","locations":[{"start":{"line":22,"column":7},"end":{"line":22,"column":13}},{"start":{"line":22,"column":17},"end":{"line":22,"column":28}}],"line":22}},"s":{"0":0,"1":0,"2":0,"3":0,"4":0,"5":0,"6":0,"7":0,"8":0,"9":0,"10":0,"11":0,"12":0,"13":0,"14":0,"15":0,"16":0,"17":0,"18":0},"f":{"0":0,"1":0},"b":{"0":[0,0],"1":[0,0]},"all":true},"c:\\ITProjects\\cubismo\\cubismo\\classes\\Commons.js":{"path":"c:\\ITProjects\\cubismo\\cubismo\\classes\\Commons.js","statementMap":{"0":{"start":{"line":2,"column":15},"end":{"line":2,"column":32}},"1":{"start":{"line":3,"column":15},"end":{"line":3,"column":31}},"2":{"start":{"line":5,"column":13},"end":{"line":5,"column":37}},"3":{"start":{"line":7,"column":0},"end":{"line":56,"column":2}},"4":{"start":{"line":8,"column":22},"end":{"line":8,"column":38}},"5":{"start":{"line":9,"column":4},"end":{"line":14,"column":5}},"6":{"start":{"line":10,"column":8},"end":{"line":10,"column":51}},"7":{"start":{"line":13,"column":8},"end":{"line":13,"column":51}},"8":{"start":{"line":16,"column":4},"end":{"line":23,"column":5}},"9":{"start":{"line":17,"column":27},"end":{"line":17,"column":44}},"10":{"start":{"line":18,"column":8},"end":{"line":22,"column":9}},"11":{"start":{"line":19,"column":12},"end":{"line":21,"column":13}},"12":{"start":{"line":20,"column":16},"end":{"line":20,"column":55}},"13":{"start":{"line":25,"column":4},"end":{"line":31,"column":5}},"14":{"start":{"line":26,"column":8},"end":{"line":30,"column":9}},"15":{"start":{"line":27,"column":12},"end":{"line":29,"column":13}},"16":{"start":{"line":28,"column":16},"end":{"line":28,"column":57}},"17":{"start":{"line":33,"column":4},"end":{"line":40,"column":6}},"18":{"start":{"line":35,"column":12},"end":{"line":35,"column":64}},"19":{"start":{"line":38,"column":12},"end":{"line":38,"column":71}},"20":{"start":{"line":41,"column":4},"end":{"line":53,"column":5}},"21":{"start":{"line":42,"column":26},"end":{"line":42,"column":58}},"22":{"start":{"line":43,"column":8},"end":{"line":52,"column":9}},"23":{"start":{"line":44,"column":12},"end":{"line":51,"column":14}},"24":{"start":{"line":46,"column":20},"end":{"line":46,"column":83}},"25":{"start":{"line":49,"column":20},"end":{"line":49,"column":90}},"26":{"start":{"line":55,"column":4},"end":{"line":55,"column":23}},"27":{"start":{"line":58,"column":0},"end":{"line":118,"column":2}},"28":{"start":{"line":59,"column":15},"end":{"line":59,"column":19}},"29":{"start":{"line":63,"column":26},"end":{"line":63,"column":37}},"30":{"start":{"line":65,"column":8},"end":{"line":86,"column":9}},"31":{"start":{"line":66,"column":12},"end":{"line":85,"column":13}},"32":{"start":{"line":67,"column":36},"end":{"line":67,"column":59}},"33":{"start":{"line":68,"column":16},"end":{"line":84,"column":17}},"34":{"start":{"line":69,"column":20},"end":{"line":69,"column":88}},"35":{"start":{"line":71,"column":21},"end":{"line":84,"column":17}},"36":{"start":{"line":72,"column":36},"end":{"line":72,"column":101}},"37":{"start":{"line":73,"column":20},"end":{"line":73,"column":48}},"38":{"start":{"line":74,"column":20},"end":{"line":83,"column":21}},"39":{"start":{"line":75,"column":45},"end":{"line":75,"column":56}},"40":{"start":{"line":76,"column":24},"end":{"line":82,"column":25}},"41":{"start":{"line":77,"column":51},"end":{"line":77,"column":91}},"42":{"start":{"line":78,"column":28},"end":{"line":80,"column":29}},"43":{"start":{"line":79,"column":32},"end":{"line":79,"column":109}},"44":{"start":{"line":81,"column":28},"end":{"line":81,"column":63}},"45":{"start":{"line":87,"column":8},"end":{"line":87,"column":27}},"46":{"start":{"line":91,"column":26},"end":{"line":91,"column":42}},"47":{"start":{"line":92,"column":8},"end":{"line":94,"column":9}},"48":{"start":{"line":93,"column":12},"end":{"line":93,"column":29}},"49":{"start":{"line":95,"column":25},"end":{"line":95,"column":47}},"50":{"start":{"line":96,"column":8},"end":{"line":98,"column":9}},"51":{"start":{"line":97,"column":12},"end":{"line":97,"column":45}},"52":{"start":{"line":99,"column":8},"end":{"line":106,"column":15}},"53":{"start":{"line":102,"column":16},"end":{"line":102,"column":46}},"54":{"start":{"line":105,"column":16},"end":{"line":105,"column":39}},"55":{"start":{"line":109,"column":4},"end":{"line":111,"column":5}},"56":{"start":{"line":110,"column":8},"end":{"line":110,"column":47}},"57":{"start":{"line":113,"column":4},"end":{"line":117,"column":7}},"58":{"start":{"line":114,"column":8},"end":{"line":116,"column":11}},"59":{"start":{"line":115,"column":12},"end":{"line":115,"column":52}},"60":{"start":{"line":120,"column":0},"end":{"line":122,"column":2}},"61":{"start":{"line":121,"column":4},"end":{"line":121,"column":36}},"62":{"start":{"line":124,"column":0},"end":{"line":126,"column":2}},"63":{"start":{"line":125,"column":4},"end":{"line":125,"column":36}},"64":{"start":{"line":131,"column":8},"end":{"line":197,"column":11}},"65":{"start":{"line":132,"column":12},"end":{"line":194,"column":13}},"66":{"start":{"line":133,"column":36},"end":{"line":133,"column":61}},"67":{"start":{"line":134,"column":30},"end":{"line":134,"column":52}},"68":{"start":{"line":135,"column":16},"end":{"line":137,"column":17}},"69":{"start":{"line":136,"column":20},"end":{"line":136,"column":34}},"70":{"start":{"line":138,"column":16},"end":{"line":146,"column":23}},"71":{"start":{"line":141,"column":24},"end":{"line":141,"column":38}},"72":{"start":{"line":144,"column":24},"end":{"line":144,"column":78}},"73":{"start":{"line":145,"column":24},"end":{"line":145,"column":43}},"74":{"start":{"line":148,"column":17},"end":{"line":194,"column":13}},"75":{"start":{"line":149,"column":36},"end":{"line":149,"column":61}},"76":{"start":{"line":151,"column":35},"end":{"line":151,"column":53}},"77":{"start":{"line":152,"column":16},"end":{"line":193,"column":23}},"78":{"start":{"line":159,"column":42},"end":{"line":159,"column":64}},"79":{"start":{"line":160,"column":24},"end":{"line":188,"column":25}},"80":{"start":{"line":161,"column":48},"end":{"line":161,"column":73}},"81":{"start":{"line":162,"column":47},"end":{"line":162,"column":49}},"82":{"start":{"line":163,"column":28},"end":{"line":173,"column":29}},"83":{"start":{"line":163,"column":41},"end":{"line":163,"column":42}},"84":{"start":{"line":164,"column":32},"end":{"line":164,"column":86}},"85":{"start":{"line":165,"column":32},"end":{"line":172,"column":33}},"86":{"start":{"line":166,"column":36},"end":{"line":166,"column":77}},"87":{"start":{"line":171,"column":36},"end":{"line":171,"column":68}},"88":{"start":{"line":175,"column":28},"end":{"line":184,"column":35}},"89":{"start":{"line":178,"column":36},"end":{"line":178,"column":43}},"90":{"start":{"line":179,"column":36},"end":{"line":179,"column":48}},"91":{"start":{"line":182,"column":36},"end":{"line":182,"column":83}},"92":{"start":{"line":183,"column":36},"end":{"line":183,"column":55}},"93":{"start":{"line":187,"column":28},"end":{"line":187,"column":42}},"94":{"start":{"line":191,"column":24},"end":{"line":191,"column":43}},"95":{"start":{"line":192,"column":24},"end":{"line":192,"column":43}},"96":{"start":{"line":196,"column":12},"end":{"line":196,"column":43}},"97":{"start":{"line":200,"column":4},"end":{"line":204,"column":7}},"98":{"start":{"line":201,"column":8},"end":{"line":203,"column":11}},"99":{"start":{"line":202,"column":12},"end":{"line":202,"column":52}},"100":{"start":{"line":207,"column":0},"end":{"line":256,"column":2}},"101":{"start":{"line":208,"column":15},"end":{"line":208,"column":19}},"102":{"start":{"line":211,"column":4},"end":{"line":245,"column":5}},"103":{"start":{"line":212,"column":8},"end":{"line":232,"column":10}},"104":{"start":{"line":213,"column":12},"end":{"line":231,"column":19}},"105":{"start":{"line":216,"column":20},"end":{"line":226,"column":21}},"106":{"start":{"line":217,"column":24},"end":{"line":225,"column":25}},"107":{"start":{"line":218,"column":48},"end":{"line":218,"column":71}},"108":{"start":{"line":219,"column":28},"end":{"line":224,"column":29}},"109":{"start":{"line":220,"column":52},"end":{"line":220,"column":77}},"110":{"start":{"line":221,"column":32},"end":{"line":221,"column":54}},"111":{"start":{"line":222,"column":32},"end":{"line":222,"column":47}},"112":{"start":{"line":223,"column":32},"end":{"line":223,"column":44}},"113":{"start":{"line":227,"column":20},"end":{"line":227,"column":42}},"114":{"start":{"line":230,"column":20},"end":{"line":230,"column":43}},"115":{"start":{"line":235,"column":8},"end":{"line":244,"column":10}},"116":{"start":{"line":236,"column":12},"end":{"line":236,"column":32}},"117":{"start":{"line":237,"column":12},"end":{"line":243,"column":19}},"118":{"start":{"line":239,"column":20},"end":{"line":239,"column":42}},"119":{"start":{"line":242,"column":20},"end":{"line":242,"column":43}},"120":{"start":{"line":247,"column":4},"end":{"line":249,"column":5}},"121":{"start":{"line":248,"column":8},"end":{"line":248,"column":38}},"122":{"start":{"line":251,"column":4},"end":{"line":255,"column":7}},"123":{"start":{"line":252,"column":8},"end":{"line":254,"column":11}},"124":{"start":{"line":253,"column":12},"end":{"line":253,"column":52}},"125":{"start":{"line":258,"column":0},"end":{"line":265,"column":2}},"126":{"start":{"line":259,"column":15},"end":{"line":259,"column":25}},"127":{"start":{"line":260,"column":15},"end":{"line":260,"column":17}},"128":{"start":{"line":261,"column":4},"end":{"line":263,"column":5}},"129":{"start":{"line":262,"column":8},"end":{"line":262,"column":49}},"130":{"start":{"line":264,"column":4},"end":{"line":264,"column":16}},"131":{"start":{"line":267,"column":0},"end":{"line":287,"column":2}},"132":{"start":{"line":268,"column":4},"end":{"line":275,"column":5}},"133":{"start":{"line":269,"column":8},"end":{"line":274,"column":9}},"134":{"start":{"line":270,"column":12},"end":{"line":270,"column":36}},"135":{"start":{"line":273,"column":12},"end":{"line":273,"column":38}},"136":{"start":{"line":276,"column":4},"end":{"line":278,"column":5}},"137":{"start":{"line":277,"column":8},"end":{"line":277,"column":20}},"138":{"start":{"line":279,"column":4},"end":{"line":279,"column":27}},"139":{"start":{"line":280,"column":15},"end":{"line":285,"column":19}},"140":{"start":{"line":286,"column":4},"end":{"line":286,"column":55}},"141":{"start":{"line":289,"column":0},"end":{"line":289,"column":101}},"142":{"start":{"line":291,"column":0},"end":{"line":331,"column":2}},"143":{"start":{"line":293,"column":4},"end":{"line":295,"column":5}},"144":{"start":{"line":294,"column":8},"end":{"line":294,"column":24}},"145":{"start":{"line":296,"column":4},"end":{"line":298,"column":5}},"146":{"start":{"line":297,"column":8},"end":{"line":297,"column":56}},"147":{"start":{"line":300,"column":4},"end":{"line":304,"column":5}},"148":{"start":{"line":301,"column":8},"end":{"line":301,"column":65}},"149":{"start":{"line":303,"column":8},"end":{"line":303,"column":32}},"150":{"start":{"line":306,"column":4},"end":{"line":310,"column":5}},"151":{"start":{"line":307,"column":8},"end":{"line":307,"column":64}},"152":{"start":{"line":309,"column":8},"end":{"line":309,"column":31}},"153":{"start":{"line":312,"column":4},"end":{"line":316,"column":5}},"154":{"start":{"line":313,"column":8},"end":{"line":313,"column":33}},"155":{"start":{"line":315,"column":8},"end":{"line":315,"column":31}},"156":{"start":{"line":318,"column":4},"end":{"line":318,"column":41}},"157":{"start":{"line":319,"column":4},"end":{"line":319,"column":40}},"158":{"start":{"line":320,"column":4},"end":{"line":320,"column":41}},"159":{"start":{"line":321,"column":4},"end":{"line":321,"column":45}},"160":{"start":{"line":323,"column":17},"end":{"line":323,"column":37}},"161":{"start":{"line":324,"column":4},"end":{"line":330,"column":6}},"162":{"start":{"line":326,"column":8},"end":{"line":326,"column":51}},"163":{"start":{"line":329,"column":8},"end":{"line":329,"column":47}},"164":{"start":{"line":333,"column":0},"end":{"line":374,"column":2}},"165":{"start":{"line":335,"column":4},"end":{"line":337,"column":5}},"166":{"start":{"line":336,"column":8},"end":{"line":336,"column":24}},"167":{"start":{"line":338,"column":4},"end":{"line":340,"column":5}},"168":{"start":{"line":339,"column":8},"end":{"line":339,"column":56}},"169":{"start":{"line":342,"column":4},"end":{"line":346,"column":5}},"170":{"start":{"line":343,"column":8},"end":{"line":343,"column":65}},"171":{"start":{"line":345,"column":8},"end":{"line":345,"column":32}},"172":{"start":{"line":348,"column":4},"end":{"line":352,"column":5}},"173":{"start":{"line":349,"column":8},"end":{"line":349,"column":64}},"174":{"start":{"line":351,"column":8},"end":{"line":351,"column":31}},"175":{"start":{"line":354,"column":4},"end":{"line":358,"column":5}},"176":{"start":{"line":355,"column":8},"end":{"line":355,"column":33}},"177":{"start":{"line":357,"column":8},"end":{"line":357,"column":31}},"178":{"start":{"line":360,"column":4},"end":{"line":360,"column":41}},"179":{"start":{"line":361,"column":4},"end":{"line":361,"column":40}},"180":{"start":{"line":362,"column":4},"end":{"line":362,"column":41}},"181":{"start":{"line":363,"column":4},"end":{"line":363,"column":45}},"182":{"start":{"line":364,"column":4},"end":{"line":364,"column":34}},"183":{"start":{"line":366,"column":17},"end":{"line":366,"column":37}},"184":{"start":{"line":367,"column":4},"end":{"line":373,"column":6}},"185":{"start":{"line":369,"column":8},"end":{"line":369,"column":51}},"186":{"start":{"line":372,"column":8},"end":{"line":372,"column":47}},"187":{"start":{"line":376,"column":0},"end":{"line":391,"column":2}},"188":{"start":{"line":377,"column":4},"end":{"line":379,"column":5}},"189":{"start":{"line":378,"column":8},"end":{"line":378,"column":30}},"190":{"start":{"line":380,"column":4},"end":{"line":382,"column":5}},"191":{"start":{"line":381,"column":8},"end":{"line":381,"column":20}},"192":{"start":{"line":383,"column":4},"end":{"line":383,"column":25}},"193":{"start":{"line":384,"column":15},"end":{"line":389,"column":19}},"194":{"start":{"line":390,"column":4},"end":{"line":390,"column":73}},"195":{"start":{"line":393,"column":15},"end":{"line":393,"column":26}}},"fnMap":{"0":{"name":"(anonymous_0)","decl":{"start":{"line":7,"column":12},"end":{"line":7,"column":13}},"loc":{"start":{"line":7,"column":49},"end":{"line":56,"column":1}},"line":7},"1":{"name":"(anonymous_1)","decl":{"start":{"line":34,"column":13},"end":{"line":34,"column":14}},"loc":{"start":{"line":34,"column":24},"end":{"line":36,"column":9}},"line":34},"2":{"name":"(anonymous_2)","decl":{"start":{"line":37,"column":13},"end":{"line":37,"column":14}},"loc":{"start":{"line":37,"column":29},"end":{"line":39,"column":9}},"line":37},"3":{"name":"(anonymous_3)","decl":{"start":{"line":45,"column":21},"end":{"line":45,"column":22}},"loc":{"start":{"line":45,"column":32},"end":{"line":47,"column":17}},"line":45},"4":{"name":"(anonymous_4)","decl":{"start":{"line":48,"column":21},"end":{"line":48,"column":22}},"loc":{"start":{"line":48,"column":37},"end":{"line":50,"column":17}},"line":48},"5":{"name":"(anonymous_5)","decl":{"start":{"line":58,"column":15},"end":{"line":58,"column":16}},"loc":{"start":{"line":58,"column":43},"end":{"line":118,"column":1}},"line":58},"6":{"name":"defineInclusions","decl":{"start":{"line":61,"column":13},"end":{"line":61,"column":29}},"loc":{"start":{"line":61,"column":37},"end":{"line":88,"column":5}},"line":61},"7":{"name":"mainFunction","decl":{"start":{"line":90,"column":13},"end":{"line":90,"column":25}},"loc":{"start":{"line":90,"column":45},"end":{"line":107,"column":5}},"line":90},"8":{"name":"(anonymous_8)","decl":{"start":{"line":101,"column":18},"end":{"line":101,"column":19}},"loc":{"start":{"line":101,"column":28},"end":{"line":103,"column":13}},"line":101},"9":{"name":"(anonymous_9)","decl":{"start":{"line":104,"column":19},"end":{"line":104,"column":20}},"loc":{"start":{"line":104,"column":30},"end":{"line":106,"column":13}},"line":104},"10":{"name":"(anonymous_10)","decl":{"start":{"line":113,"column":23},"end":{"line":113,"column":24}},"loc":{"start":{"line":113,"column":49},"end":{"line":117,"column":5}},"line":113},"11":{"name":"(anonymous_11)","decl":{"start":{"line":114,"column":30},"end":{"line":114,"column":31}},"loc":{"start":{"line":114,"column":54},"end":{"line":116,"column":9}},"line":114},"12":{"name":"(anonymous_12)","decl":{"start":{"line":120,"column":16},"end":{"line":120,"column":17}},"loc":{"start":{"line":120,"column":37},"end":{"line":122,"column":1}},"line":120},"13":{"name":"(anonymous_13)","decl":{"start":{"line":124,"column":18},"end":{"line":124,"column":19}},"loc":{"start":{"line":124,"column":39},"end":{"line":126,"column":1}},"line":124},"14":{"name":"saveAssociations","decl":{"start":{"line":128,"column":9},"end":{"line":128,"column":25}},"loc":{"start":{"line":128,"column":34},"end":{"line":205,"column":1}},"line":128},"15":{"name":"mainFunction","decl":{"start":{"line":130,"column":13},"end":{"line":130,"column":25}},"loc":{"start":{"line":130,"column":51},"end":{"line":198,"column":5}},"line":130},"16":{"name":"(anonymous_16)","decl":{"start":{"line":131,"column":43},"end":{"line":131,"column":44}},"loc":{"start":{"line":131,"column":71},"end":{"line":195,"column":9}},"line":131},"17":{"name":"(anonymous_17)","decl":{"start":{"line":140,"column":26},"end":{"line":140,"column":27}},"loc":{"start":{"line":140,"column":32},"end":{"line":142,"column":21}},"line":140},"18":{"name":"(anonymous_18)","decl":{"start":{"line":143,"column":27},"end":{"line":143,"column":28}},"loc":{"start":{"line":143,"column":38},"end":{"line":146,"column":21}},"line":143},"19":{"name":"(anonymous_19)","decl":{"start":{"line":158,"column":26},"end":{"line":158,"column":27}},"loc":{"start":{"line":158,"column":32},"end":{"line":189,"column":21}},"line":158},"20":{"name":"(anonymous_20)","decl":{"start":{"line":177,"column":38},"end":{"line":177,"column":39}},"loc":{"start":{"line":177,"column":44},"end":{"line":180,"column":33}},"line":177},"21":{"name":"(anonymous_21)","decl":{"start":{"line":181,"column":39},"end":{"line":181,"column":40}},"loc":{"start":{"line":181,"column":50},"end":{"line":184,"column":33}},"line":181},"22":{"name":"(anonymous_22)","decl":{"start":{"line":190,"column":27},"end":{"line":190,"column":28}},"loc":{"start":{"line":190,"column":38},"end":{"line":193,"column":21}},"line":190},"23":{"name":"(anonymous_23)","decl":{"start":{"line":195,"column":11},"end":{"line":195,"column":12}},"loc":{"start":{"line":195,"column":27},"end":{"line":197,"column":9}},"line":195},"24":{"name":"(anonymous_24)","decl":{"start":{"line":200,"column":23},"end":{"line":200,"column":24}},"loc":{"start":{"line":200,"column":49},"end":{"line":204,"column":5}},"line":200},"25":{"name":"(anonymous_25)","decl":{"start":{"line":201,"column":36},"end":{"line":201,"column":37}},"loc":{"start":{"line":201,"column":60},"end":{"line":203,"column":9}},"line":201},"26":{"name":"(anonymous_26)","decl":{"start":{"line":207,"column":25},"end":{"line":207,"column":26}},"loc":{"start":{"line":207,"column":55},"end":{"line":256,"column":1}},"line":207},"27":{"name":"(anonymous_27)","decl":{"start":{"line":212,"column":23},"end":{"line":212,"column":24}},"loc":{"start":{"line":212,"column":42},"end":{"line":232,"column":9}},"line":212},"28":{"name":"(anonymous_28)","decl":{"start":{"line":215,"column":22},"end":{"line":215,"column":23}},"loc":{"start":{"line":215,"column":28},"end":{"line":228,"column":17}},"line":215},"29":{"name":"(anonymous_29)","decl":{"start":{"line":229,"column":23},"end":{"line":229,"column":24}},"loc":{"start":{"line":229,"column":34},"end":{"line":231,"column":17}},"line":229},"30":{"name":"(anonymous_30)","decl":{"start":{"line":235,"column":23},"end":{"line":235,"column":24}},"loc":{"start":{"line":235,"column":42},"end":{"line":244,"column":9}},"line":235},"31":{"name":"(anonymous_31)","decl":{"start":{"line":238,"column":22},"end":{"line":238,"column":23}},"loc":{"start":{"line":238,"column":28},"end":{"line":240,"column":17}},"line":238},"32":{"name":"(anonymous_32)","decl":{"start":{"line":241,"column":23},"end":{"line":241,"column":24}},"loc":{"start":{"line":241,"column":34},"end":{"line":243,"column":17}},"line":241},"33":{"name":"(anonymous_33)","decl":{"start":{"line":251,"column":23},"end":{"line":251,"column":24}},"loc":{"start":{"line":251,"column":49},"end":{"line":255,"column":5}},"line":251},"34":{"name":"(anonymous_34)","decl":{"start":{"line":252,"column":21},"end":{"line":252,"column":22}},"loc":{"start":{"line":252,"column":45},"end":{"line":254,"column":9}},"line":252},"35":{"name":"(anonymous_35)","decl":{"start":{"line":258,"column":31},"end":{"line":258,"column":32}},"loc":{"start":{"line":258,"column":48},"end":{"line":265,"column":1}},"line":258},"36":{"name":"(anonymous_36)","decl":{"start":{"line":267,"column":27},"end":{"line":267,"column":28}},"loc":{"start":{"line":267,"column":87},"end":{"line":287,"column":1}},"line":267},"37":{"name":"(anonymous_37)","decl":{"start":{"line":291,"column":13},"end":{"line":291,"column":14}},"loc":{"start":{"line":291,"column":34},"end":{"line":331,"column":1}},"line":291},"38":{"name":"(anonymous_38)","decl":{"start":{"line":325,"column":10},"end":{"line":325,"column":11}},"loc":{"start":{"line":325,"column":20},"end":{"line":327,"column":5}},"line":325},"39":{"name":"(anonymous_39)","decl":{"start":{"line":328,"column":11},"end":{"line":328,"column":12}},"loc":{"start":{"line":328,"column":18},"end":{"line":330,"column":5}},"line":328},"40":{"name":"(anonymous_40)","decl":{"start":{"line":333,"column":23},"end":{"line":333,"column":24}},"loc":{"start":{"line":333,"column":44},"end":{"line":374,"column":1}},"line":333},"41":{"name":"(anonymous_41)","decl":{"start":{"line":368,"column":10},"end":{"line":368,"column":11}},"loc":{"start":{"line":368,"column":20},"end":{"line":370,"column":5}},"line":368},"42":{"name":"(anonymous_42)","decl":{"start":{"line":371,"column":11},"end":{"line":371,"column":12}},"loc":{"start":{"line":371,"column":18},"end":{"line":373,"column":5}},"line":371},"43":{"name":"(anonymous_43)","decl":{"start":{"line":376,"column":15},"end":{"line":376,"column":16}},"loc":{"start":{"line":376,"column":82},"end":{"line":391,"column":1}},"line":376}},"branchMap":{"0":{"loc":{"start":{"line":9,"column":4},"end":{"line":14,"column":5}},"type":"if","locations":[{"start":{"line":9,"column":4},"end":{"line":14,"column":5}},{"start":{"line":9,"column":4},"end":{"line":14,"column":5}}],"line":9},"1":{"loc":{"start":{"line":9,"column":8},"end":{"line":9,"column":66}},"type":"binary-expr","locations":[{"start":{"line":9,"column":8},"end":{"line":9,"column":24}},{"start":{"line":9,"column":28},"end":{"line":9,"column":66}}],"line":9},"2":{"loc":{"start":{"line":16,"column":4},"end":{"line":23,"column":5}},"type":"if","locations":[{"start":{"line":16,"column":4},"end":{"line":23,"column":5}},{"start":{"line":16,"column":4},"end":{"line":23,"column":5}}],"line":16},"3":{"loc":{"start":{"line":19,"column":12},"end":{"line":21,"column":13}},"type":"if","locations":[{"start":{"line":19,"column":12},"end":{"line":21,"column":13}},{"start":{"line":19,"column":12},"end":{"line":21,"column":13}}],"line":19},"4":{"loc":{"start":{"line":25,"column":4},"end":{"line":31,"column":5}},"type":"if","locations":[{"start":{"line":25,"column":4},"end":{"line":31,"column":5}},{"start":{"line":25,"column":4},"end":{"line":31,"column":5}}],"line":25},"5":{"loc":{"start":{"line":27,"column":12},"end":{"line":29,"column":13}},"type":"if","locations":[{"start":{"line":27,"column":12},"end":{"line":29,"column":13}},{"start":{"line":27,"column":12},"end":{"line":29,"column":13}}],"line":27},"6":{"loc":{"start":{"line":27,"column":16},"end":{"line":27,"column":59}},"type":"binary-expr","locations":[{"start":{"line":27,"column":16},"end":{"line":27,"column":33}},{"start":{"line":27,"column":37},"end":{"line":27,"column":59}}],"line":27},"7":{"loc":{"start":{"line":43,"column":8},"end":{"line":52,"column":9}},"type":"if","locations":[{"start":{"line":43,"column":8},"end":{"line":52,"column":9}},{"start":{"line":43,"column":8},"end":{"line":52,"column":9}}],"line":43},"8":{"loc":{"start":{"line":43,"column":11},"end":{"line":43,"column":60}},"type":"binary-expr","locations":[{"start":{"line":43,"column":11},"end":{"line":43,"column":30}},{"start":{"line":43,"column":34},"end":{"line":43,"column":60}}],"line":43},"9":{"loc":{"start":{"line":65,"column":8},"end":{"line":86,"column":9}},"type":"if","locations":[{"start":{"line":65,"column":8},"end":{"line":86,"column":9}},{"start":{"line":65,"column":8},"end":{"line":86,"column":9}}],"line":65},"10":{"loc":{"start":{"line":68,"column":16},"end":{"line":84,"column":17}},"type":"if","locations":[{"start":{"line":68,"column":16},"end":{"line":84,"column":17}},{"start":{"line":68,"column":16},"end":{"line":84,"column":17}}],"line":68},"11":{"loc":{"start":{"line":71,"column":21},"end":{"line":84,"column":17}},"type":"if","locations":[{"start":{"line":71,"column":21},"end":{"line":84,"column":17}},{"start":{"line":71,"column":21},"end":{"line":84,"column":17}}],"line":71},"12":{"loc":{"start":{"line":74,"column":20},"end":{"line":83,"column":21}},"type":"if","locations":[{"start":{"line":74,"column":20},"end":{"line":83,"column":21}},{"start":{"line":74,"column":20},"end":{"line":83,"column":21}}],"line":74},"13":{"loc":{"start":{"line":78,"column":28},"end":{"line":80,"column":29}},"type":"if","locations":[{"start":{"line":78,"column":28},"end":{"line":80,"column":29}},{"start":{"line":78,"column":28},"end":{"line":80,"column":29}}],"line":78},"14":{"loc":{"start":{"line":92,"column":8},"end":{"line":94,"column":9}},"type":"if","locations":[{"start":{"line":92,"column":8},"end":{"line":94,"column":9}},{"start":{"line":92,"column":8},"end":{"line":94,"column":9}}],"line":92},"15":{"loc":{"start":{"line":96,"column":8},"end":{"line":98,"column":9}},"type":"if","locations":[{"start":{"line":96,"column":8},"end":{"line":98,"column":9}},{"start":{"line":96,"column":8},"end":{"line":98,"column":9}}],"line":96},"16":{"loc":{"start":{"line":109,"column":4},"end":{"line":111,"column":5}},"type":"if","locations":[{"start":{"line":109,"column":4},"end":{"line":111,"column":5}},{"start":{"line":109,"column":4},"end":{"line":111,"column":5}}],"line":109},"17":{"loc":{"start":{"line":115,"column":12},"end":{"line":115,"column":51}},"type":"cond-expr","locations":[{"start":{"line":115,"column":20},"end":{"line":115,"column":33}},{"start":{"line":115,"column":36},"end":{"line":115,"column":51}}],"line":115},"18":{"loc":{"start":{"line":132,"column":12},"end":{"line":194,"column":13}},"type":"if","locations":[{"start":{"line":132,"column":12},"end":{"line":194,"column":13}},{"start":{"line":132,"column":12},"end":{"line":194,"column":13}}],"line":132},"19":{"loc":{"start":{"line":135,"column":16},"end":{"line":137,"column":17}},"type":"if","locations":[{"start":{"line":135,"column":16},"end":{"line":137,"column":17}},{"start":{"line":135,"column":16},"end":{"line":137,"column":17}}],"line":135},"20":{"loc":{"start":{"line":148,"column":17},"end":{"line":194,"column":13}},"type":"if","locations":[{"start":{"line":148,"column":17},"end":{"line":194,"column":13}},{"start":{"line":148,"column":17},"end":{"line":194,"column":13}}],"line":148},"21":{"loc":{"start":{"line":160,"column":24},"end":{"line":188,"column":25}},"type":"if","locations":[{"start":{"line":160,"column":24},"end":{"line":188,"column":25}},{"start":{"line":160,"column":24},"end":{"line":188,"column":25}}],"line":160},"22":{"loc":{"start":{"line":160,"column":28},"end":{"line":160,"column":57}},"type":"binary-expr","locations":[{"start":{"line":160,"column":28},"end":{"line":160,"column":37}},{"start":{"line":160,"column":41},"end":{"line":160,"column":57}}],"line":160},"23":{"loc":{"start":{"line":165,"column":32},"end":{"line":172,"column":33}},"type":"if","locations":[{"start":{"line":165,"column":32},"end":{"line":172,"column":33}},{"start":{"line":165,"column":32},"end":{"line":172,"column":33}}],"line":165},"24":{"loc":{"start":{"line":202,"column":12},"end":{"line":202,"column":51}},"type":"cond-expr","locations":[{"start":{"line":202,"column":20},"end":{"line":202,"column":33}},{"start":{"line":202,"column":36},"end":{"line":202,"column":51}}],"line":202},"25":{"loc":{"start":{"line":211,"column":4},"end":{"line":245,"column":5}},"type":"if","locations":[{"start":{"line":211,"column":4},"end":{"line":245,"column":5}},{"start":{"line":211,"column":4},"end":{"line":245,"column":5}}],"line":211},"26":{"loc":{"start":{"line":216,"column":20},"end":{"line":226,"column":21}},"type":"if","locations":[{"start":{"line":216,"column":20},"end":{"line":226,"column":21}},{"start":{"line":216,"column":20},"end":{"line":226,"column":21}}],"line":216},"27":{"loc":{"start":{"line":219,"column":28},"end":{"line":224,"column":29}},"type":"if","locations":[{"start":{"line":219,"column":28},"end":{"line":224,"column":29}},{"start":{"line":219,"column":28},"end":{"line":224,"column":29}}],"line":219},"28":{"loc":{"start":{"line":247,"column":4},"end":{"line":249,"column":5}},"type":"if","locations":[{"start":{"line":247,"column":4},"end":{"line":249,"column":5}},{"start":{"line":247,"column":4},"end":{"line":249,"column":5}}],"line":247},"29":{"loc":{"start":{"line":253,"column":12},"end":{"line":253,"column":51}},"type":"cond-expr","locations":[{"start":{"line":253,"column":20},"end":{"line":253,"column":33}},{"start":{"line":253,"column":36},"end":{"line":253,"column":51}}],"line":253},"30":{"loc":{"start":{"line":268,"column":4},"end":{"line":275,"column":5}},"type":"if","locations":[{"start":{"line":268,"column":4},"end":{"line":275,"column":5}},{"start":{"line":268,"column":4},"end":{"line":275,"column":5}}],"line":268},"31":{"loc":{"start":{"line":269,"column":8},"end":{"line":274,"column":9}},"type":"if","locations":[{"start":{"line":269,"column":8},"end":{"line":274,"column":9}},{"start":{"line":269,"column":8},"end":{"line":274,"column":9}}],"line":269},"32":{"loc":{"start":{"line":276,"column":4},"end":{"line":278,"column":5}},"type":"if","locations":[{"start":{"line":276,"column":4},"end":{"line":278,"column":5}},{"start":{"line":276,"column":4},"end":{"line":278,"column":5}}],"line":276},"33":{"loc":{"start":{"line":293,"column":4},"end":{"line":295,"column":5}},"type":"if","locations":[{"start":{"line":293,"column":4},"end":{"line":295,"column":5}},{"start":{"line":293,"column":4},"end":{"line":295,"column":5}}],"line":293},"34":{"loc":{"start":{"line":296,"column":4},"end":{"line":298,"column":5}},"type":"if","locations":[{"start":{"line":296,"column":4},"end":{"line":298,"column":5}},{"start":{"line":296,"column":4},"end":{"line":298,"column":5}}],"line":296},"35":{"loc":{"start":{"line":300,"column":4},"end":{"line":304,"column":5}},"type":"if","locations":[{"start":{"line":300,"column":4},"end":{"line":304,"column":5}},{"start":{"line":300,"column":4},"end":{"line":304,"column":5}}],"line":300},"36":{"loc":{"start":{"line":300,"column":7},"end":{"line":300,"column":65}},"type":"binary-expr","locations":[{"start":{"line":300,"column":7},"end":{"line":300,"column":25}},{"start":{"line":300,"column":29},"end":{"line":300,"column":65}}],"line":300},"37":{"loc":{"start":{"line":306,"column":4},"end":{"line":310,"column":5}},"type":"if","locations":[{"start":{"line":306,"column":4},"end":{"line":310,"column":5}},{"start":{"line":306,"column":4},"end":{"line":310,"column":5}}],"line":306},"38":{"loc":{"start":{"line":306,"column":7},"end":{"line":306,"column":63}},"type":"binary-expr","locations":[{"start":{"line":306,"column":7},"end":{"line":306,"column":24}},{"start":{"line":306,"column":28},"end":{"line":306,"column":63}}],"line":306},"39":{"loc":{"start":{"line":312,"column":4},"end":{"line":316,"column":5}},"type":"if","locations":[{"start":{"line":312,"column":4},"end":{"line":316,"column":5}},{"start":{"line":312,"column":4},"end":{"line":316,"column":5}}],"line":312},"40":{"loc":{"start":{"line":335,"column":4},"end":{"line":337,"column":5}},"type":"if","locations":[{"start":{"line":335,"column":4},"end":{"line":337,"column":5}},{"start":{"line":335,"column":4},"end":{"line":337,"column":5}}],"line":335},"41":{"loc":{"start":{"line":338,"column":4},"end":{"line":340,"column":5}},"type":"if","locations":[{"start":{"line":338,"column":4},"end":{"line":340,"column":5}},{"start":{"line":338,"column":4},"end":{"line":340,"column":5}}],"line":338},"42":{"loc":{"start":{"line":342,"column":4},"end":{"line":346,"column":5}},"type":"if","locations":[{"start":{"line":342,"column":4},"end":{"line":346,"column":5}},{"start":{"line":342,"column":4},"end":{"line":346,"column":5}}],"line":342},"43":{"loc":{"start":{"line":342,"column":7},"end":{"line":342,"column":65}},"type":"binary-expr","locations":[{"start":{"line":342,"column":7},"end":{"line":342,"column":25}},{"start":{"line":342,"column":29},"end":{"line":342,"column":65}}],"line":342},"44":{"loc":{"start":{"line":348,"column":4},"end":{"line":352,"column":5}},"type":"if","locations":[{"start":{"line":348,"column":4},"end":{"line":352,"column":5}},{"start":{"line":348,"column":4},"end":{"line":352,"column":5}}],"line":348},"45":{"loc":{"start":{"line":348,"column":7},"end":{"line":348,"column":63}},"type":"binary-expr","locations":[{"start":{"line":348,"column":7},"end":{"line":348,"column":24}},{"start":{"line":348,"column":28},"end":{"line":348,"column":63}}],"line":348},"46":{"loc":{"start":{"line":354,"column":4},"end":{"line":358,"column":5}},"type":"if","locations":[{"start":{"line":354,"column":4},"end":{"line":358,"column":5}},{"start":{"line":354,"column":4},"end":{"line":358,"column":5}}],"line":354},"47":{"loc":{"start":{"line":377,"column":4},"end":{"line":379,"column":5}},"type":"if","locations":[{"start":{"line":377,"column":4},"end":{"line":379,"column":5}},{"start":{"line":377,"column":4},"end":{"line":379,"column":5}}],"line":377},"48":{"loc":{"start":{"line":380,"column":4},"end":{"line":382,"column":5}},"type":"if","locations":[{"start":{"line":380,"column":4},"end":{"line":382,"column":5}},{"start":{"line":380,"column":4},"end":{"line":382,"column":5}}],"line":380}},"s":{"0":0,"1":0,"2":0,"3":0,"4":0,"5":0,"6":0,"7":0,"8":0,"9":0,"10":0,"11":0,"12":0,"13":0,"14":0,"15":0,"16":0,"17":0,"18":0,"19":0,"20":0,"21":0,"22":0,"23":0,"24":0,"25":0,"26":0,"27":0,"28":0,"29":0,"30":0,"31":0,"32":0,"33":0,"34":0,"35":0,"36":0,"37":0,"38":0,"39":0,"40":0,"41":0,"42":0,"43":0,"44":0,"45":0,"46":0,"47":0,"48":0,"49":0,"50":0,"51":0,"52":0,"53":0,"54":0,"55":0,"56":0,"57":0,"58":0,"59":0,"60":0,"61":0,"62":0,"63":0,"64":0,"65":0,"66":0,"67":0,"68":0,"69":0,"70":0,"71":0,"72":0,"73":0,"74":0,"75":0,"76":0,"77":0,"78":0,"79":0,"80":0,"81":0,"82":0,"83":0,"84":0,"85":0,"86":0,"87":0,"88":0,"89":0,"90":0,"91":0,"92":0,"93":0,"94":0,"95":0,"96":0,"97":0,"98":0,"99":0,"100":0,"101":0,"102":0,"103":0,"104":0,"105":0,"106":0,"107":0,"108":0,"109":0,"110":0,"111":0,"112":0,"113":0,"114":0,"115":0,"116":0,"117":0,"118":0,"119":0,"120":0,"121":0,"122":0,"123":0,"124":0,"125":0,"126":0,"127":0,"128":0,"129":0,"130":0,"131":0,"132":0,"133":0,"134":0,"135":0,"136":0,"137":0,"138":0,"139":0,"140":0,"141":0,"142":0,"143":0,"144":0,"145":0,"146":0,"147":0,"148":0,"149":0,"150":0,"151":0,"152":0,"153":0,"154":0,"155":0,"156":0,"157":0,"158":0,"159":0,"160":0,"161":0,"162":0,"163":0,"164":0,"165":0,"166":0,"167":0,"168":0,"169":0,"170":0,"171":0,"172":0,"173":0,"174":0,"175":0,"176":0,"177":0,"178":0,"179":0,"180":0,"181":0,"182":0,"183":0,"184":0,"185":0,"186":0,"187":0,"188":0,"189":0,"190":0,"191":0,"192":0,"193":0,"194":0,"195":0},"f":{"0":0,"1":0,"2":0,"3":0,"4":0,"5":0,"6":0,"7":0,"8":0,"9":0,"10":0,"11":0,"12":0,"13":0,"14":0,"15":0,"16":0,"17":0,"18":0,"19":0,"20":0,"21":0,"22":0,"23":0,"24":0,"25":0,"26":0,"27":0,"28":0,"29":0,"30":0,"31":0,"32":0,"33":0,"34":0,"35":0,"36":0,"37":0,"38":0,"39":0,"40":0,"41":0,"42":0,"43":0},"b":{"0":[0,0],"1":[0,0],"2":[0,0],"3":[0,0],"4":[0,0],"5":[0,0],"6":[0,0],"7":[0,0],"8":[0,0],"9":[0,0],"10":[0,0],"11":[0,0],"12":[0,0],"13":[0,0],"14":[0,0],"15":[0,0],"16":[0,0],"17":[0,0],"18":[0,0],"19":[0,0],"20":[0,0],"21":[0,0],"22":[0,0],"23":[0,0],"24":[0,0],"25":[0,0],"26":[0,0],"27":[0,0],"28":[0,0],"29":[0,0],"30":[0,0],"31":[0,0],"32":[0,0],"33":[0,0],"34":[0,0],"35":[0,0],"36":[0,0],"37":[0,0],"38":[0,0],"39":[0,0],"40":[0,0],"41":[0,0],"42":[0,0],"43":[0,0],"44":[0,0],"45":[0,0],"46":[0,0],"47":[0,0],"48":[0,0]},"all":true},"c:\\ITProjects\\cubismo\\cubismo\\classes\\Cube.js":{"path":"c:\\ITProjects\\cubismo\\cubismo\\classes\\Cube.js","statementMap":{"0":{"start":{"line":2,"column":19},"end":{"line":2,"column":45}},"1":{"start":{"line":6,"column":15},"end":{"line":6,"column":17}},"2":{"start":{"line":8,"column":4},"end":{"line":8,"column":70}},"3":{"start":{"line":10,"column":0},"end":{"line":10,"column":22}}},"fnMap":{"0":{"name":"Cube","decl":{"start":{"line":4,"column":9},"end":{"line":4,"column":13}},"loc":{"start":{"line":4,"column":58},"end":{"line":9,"column":1}},"line":4}},"branchMap":{},"s":{"0":0,"1":0,"2":0,"3":0},"f":{"0":0},"b":{},"all":true},"c:\\ITProjects\\cubismo\\cubismo\\classes\\Cubes.js":{"path":"c:\\ITProjects\\cubismo\\cubismo\\classes\\Cubes.js","statementMap":{"0":{"start":{"line":2,"column":19},"end":{"line":2,"column":45}},"1":{"start":{"line":6,"column":15},"end":{"line":6,"column":17}},"2":{"start":{"line":8,"column":4},"end":{"line":8,"column":70}},"3":{"start":{"line":10,"column":0},"end":{"line":10,"column":23}}},"fnMap":{"0":{"name":"Cubes","decl":{"start":{"line":4,"column":9},"end":{"line":4,"column":14}},"loc":{"start":{"line":4,"column":59},"end":{"line":9,"column":1}},"line":4}},"branchMap":{},"s":{"0":0,"1":0,"2":0,"3":0},"f":{"0":0},"b":{},"all":true},"c:\\ITProjects\\cubismo\\cubismo\\classes\\Enumerations.js":{"path":"c:\\ITProjects\\cubismo\\cubismo\\classes\\Enumerations.js","statementMap":{"0":{"start":{"line":2,"column":19},"end":{"line":2,"column":45}},"1":{"start":{"line":6,"column":15},"end":{"line":6,"column":17}},"2":{"start":{"line":8,"column":4},"end":{"line":8,"column":70}},"3":{"start":{"line":10,"column":0},"end":{"line":10,"column":30}}},"fnMap":{"0":{"name":"Enumerations","decl":{"start":{"line":4,"column":9},"end":{"line":4,"column":21}},"loc":{"start":{"line":4,"column":66},"end":{"line":9,"column":1}},"line":4}},"branchMap":{},"s":{"0":0,"1":0,"2":0,"3":0},"f":{"0":0},"b":{},"all":true},"c:\\ITProjects\\cubismo\\cubismo\\classes\\Enumerations.Model.js":{"path":"c:\\ITProjects\\cubismo\\cubismo\\classes\\Enumerations.Model.js","statementMap":{"0":{"start":{"line":2,"column":13},"end":{"line":2,"column":33}},"1":{"start":{"line":6,"column":15},"end":{"line":6,"column":17}},"2":{"start":{"line":8,"column":4},"end":{"line":8,"column":64}},"3":{"start":{"line":10,"column":0},"end":{"line":10,"column":29}}},"fnMap":{"0":{"name":"Enumeration","decl":{"start":{"line":4,"column":9},"end":{"line":4,"column":20}},"loc":{"start":{"line":4,"column":65},"end":{"line":9,"column":1}},"line":4}},"branchMap":{},"s":{"0":0,"1":0,"2":0,"3":0},"f":{"0":0},"b":{},"all":true},"c:\\ITProjects\\cubismo\\cubismo\\classes\\Item.js":{"path":"c:\\ITProjects\\cubismo\\cubismo\\classes\\Item.js","statementMap":{"0":{"start":{"line":3,"column":10},"end":{"line":3,"column":27}},"1":{"start":{"line":4,"column":15},"end":{"line":4,"column":31}},"2":{"start":{"line":6,"column":13},"end":{"line":6,"column":37}},"3":{"start":{"line":7,"column":23},"end":{"line":7,"column":53}},"4":{"start":{"line":8,"column":18},"end":{"line":8,"column":44}},"5":{"start":{"line":12,"column":19},"end":{"line":12,"column":38}},"6":{"start":{"line":13,"column":4},"end":{"line":15,"column":5}},"7":{"start":{"line":14,"column":8},"end":{"line":14,"column":39}},"8":{"start":{"line":17,"column":4},"end":{"line":17,"column":16}},"9":{"start":{"line":18,"column":4},"end":{"line":18,"column":31}},"10":{"start":{"line":19,"column":4},"end":{"line":19,"column":36}},"11":{"start":{"line":20,"column":4},"end":{"line":20,"column":48}},"12":{"start":{"line":22,"column":17},"end":{"line":22,"column":21}},"13":{"start":{"line":23,"column":23},"end":{"line":23,"column":46}},"14":{"start":{"line":25,"column":4},"end":{"line":36,"column":5}},"15":{"start":{"line":26,"column":8},"end":{"line":35,"column":10}},"16":{"start":{"line":28,"column":16},"end":{"line":28,"column":45}},"17":{"start":{"line":31,"column":16},"end":{"line":31,"column":46}},"18":{"start":{"line":32,"column":16},"end":{"line":32,"column":51}},"19":{"start":{"line":33,"column":16},"end":{"line":33,"column":28}},"20":{"start":{"line":38,"column":4},"end":{"line":49,"column":5}},"21":{"start":{"line":39,"column":8},"end":{"line":48,"column":10}},"22":{"start":{"line":41,"column":16},"end":{"line":41,"column":46}},"23":{"start":{"line":44,"column":16},"end":{"line":44,"column":47}},"24":{"start":{"line":45,"column":16},"end":{"line":45,"column":52}},"25":{"start":{"line":46,"column":16},"end":{"line":46,"column":28}},"26":{"start":{"line":51,"column":4},"end":{"line":62,"column":5}},"27":{"start":{"line":52,"column":8},"end":{"line":61,"column":10}},"28":{"start":{"line":54,"column":30},"end":{"line":54,"column":66}},"29":{"start":{"line":55,"column":16},"end":{"line":55,"column":29}},"30":{"start":{"line":58,"column":16},"end":{"line":58,"column":45}},"31":{"start":{"line":59,"column":16},"end":{"line":59,"column":28}},"32":{"start":{"line":64,"column":4},"end":{"line":79,"column":5}},"33":{"start":{"line":65,"column":8},"end":{"line":78,"column":10}},"34":{"start":{"line":67,"column":30},"end":{"line":67,"column":36}},"35":{"start":{"line":68,"column":16},"end":{"line":70,"column":17}},"36":{"start":{"line":69,"column":20},"end":{"line":69,"column":64}},"37":{"start":{"line":71,"column":30},"end":{"line":71,"column":67}},"38":{"start":{"line":72,"column":16},"end":{"line":72,"column":29}},"39":{"start":{"line":75,"column":16},"end":{"line":75,"column":45}},"40":{"start":{"line":76,"column":16},"end":{"line":76,"column":28}},"41":{"start":{"line":81,"column":4},"end":{"line":115,"column":5}},"42":{"start":{"line":82,"column":26},"end":{"line":82,"column":52}},"43":{"start":{"line":83,"column":8},"end":{"line":114,"column":9}},"44":{"start":{"line":84,"column":32},"end":{"line":84,"column":62}},"45":{"start":{"line":85,"column":12},"end":{"line":102,"column":14}},"46":{"start":{"line":87,"column":35},"end":{"line":87,"column":55}},"47":{"start":{"line":88,"column":20},"end":{"line":90,"column":21}},"48":{"start":{"line":89,"column":24},"end":{"line":89,"column":62}},"49":{"start":{"line":91,"column":36},"end":{"line":95,"column":22}},"50":{"start":{"line":96,"column":20},"end":{"line":96,"column":35}},"51":{"start":{"line":99,"column":20},"end":{"line":99,"column":46}},"52":{"start":{"line":100,"column":20},"end":{"line":100,"column":32}},"53":{"start":{"line":104,"column":12},"end":{"line":113,"column":14}},"54":{"start":{"line":106,"column":34},"end":{"line":106,"column":52}},"55":{"start":{"line":107,"column":20},"end":{"line":107,"column":33}},"56":{"start":{"line":110,"column":20},"end":{"line":110,"column":46}},"57":{"start":{"line":111,"column":20},"end":{"line":111,"column":32}},"58":{"start":{"line":117,"column":4},"end":{"line":129,"column":5}},"59":{"start":{"line":118,"column":27},"end":{"line":118,"column":54}},"60":{"start":{"line":119,"column":8},"end":{"line":128,"column":11}},"61":{"start":{"line":122,"column":37},"end":{"line":122,"column":69}},"62":{"start":{"line":123,"column":36},"end":{"line":123,"column":78}},"63":{"start":{"line":124,"column":16},"end":{"line":124,"column":127}},"64":{"start":{"line":126,"column":16},"end":{"line":126,"column":38}},"65":{"start":{"line":131,"column":4},"end":{"line":137,"column":5}},"66":{"start":{"line":132,"column":8},"end":{"line":134,"column":9}},"67":{"start":{"line":133,"column":12},"end":{"line":133,"column":28}},"68":{"start":{"line":135,"column":8},"end":{"line":135,"column":31}},"69":{"start":{"line":136,"column":8},"end":{"line":136,"column":52}},"70":{"start":{"line":139,"column":4},"end":{"line":163,"column":5}},"71":{"start":{"line":140,"column":21},"end":{"line":140,"column":25}},"72":{"start":{"line":141,"column":25},"end":{"line":141,"column":40}},"73":{"start":{"line":142,"column":28},"end":{"line":142,"column":48}},"74":{"start":{"line":143,"column":8},"end":{"line":161,"column":9}},"75":{"start":{"line":144,"column":27},"end":{"line":144,"column":48}},"76":{"start":{"line":145,"column":12},"end":{"line":145,"column":44}},"77":{"start":{"line":146,"column":12},"end":{"line":150,"column":13}},"78":{"start":{"line":147,"column":16},"end":{"line":149,"column":18}},"79":{"start":{"line":148,"column":20},"end":{"line":148,"column":79}},"80":{"start":{"line":151,"column":12},"end":{"line":151,"column":30}},"81":{"start":{"line":152,"column":12},"end":{"line":158,"column":13}},"82":{"start":{"line":153,"column":34},"end":{"line":153,"column":56}},"83":{"start":{"line":154,"column":16},"end":{"line":154,"column":45}},"84":{"start":{"line":155,"column":16},"end":{"line":155,"column":34}},"85":{"start":{"line":156,"column":16},"end":{"line":156,"column":43}},"86":{"start":{"line":157,"column":16},"end":{"line":157,"column":33}},"87":{"start":{"line":160,"column":12},"end":{"line":160,"column":51}},"88":{"start":{"line":162,"column":8},"end":{"line":162,"column":24}},"89":{"start":{"line":165,"column":4},"end":{"line":167,"column":5}},"90":{"start":{"line":166,"column":8},"end":{"line":166,"column":87}},"91":{"start":{"line":169,"column":4},"end":{"line":178,"column":5}},"92":{"start":{"line":170,"column":21},"end":{"line":170,"column":25}},"93":{"start":{"line":171,"column":8},"end":{"line":171,"column":39}},"94":{"start":{"line":172,"column":8},"end":{"line":176,"column":9}},"95":{"start":{"line":173,"column":12},"end":{"line":175,"column":14}},"96":{"start":{"line":174,"column":16},"end":{"line":174,"column":50}},"97":{"start":{"line":177,"column":8},"end":{"line":177,"column":37}},"98":{"start":{"line":180,"column":4},"end":{"line":183,"column":5}},"99":{"start":{"line":181,"column":25},"end":{"line":181,"column":40}},"100":{"start":{"line":182,"column":8},"end":{"line":182,"column":35}},"101":{"start":{"line":185,"column":4},"end":{"line":188,"column":5}},"102":{"start":{"line":186,"column":25},"end":{"line":186,"column":40}},"103":{"start":{"line":187,"column":8},"end":{"line":187,"column":52}},"104":{"start":{"line":190,"column":4},"end":{"line":232,"column":5}},"105":{"start":{"line":191,"column":8},"end":{"line":191,"column":47}},"106":{"start":{"line":192,"column":27},"end":{"line":192,"column":50}},"107":{"start":{"line":193,"column":23},"end":{"line":193,"column":38}},"108":{"start":{"line":194,"column":8},"end":{"line":199,"column":9}},"109":{"start":{"line":195,"column":12},"end":{"line":195,"column":43}},"110":{"start":{"line":196,"column":12},"end":{"line":198,"column":13}},"111":{"start":{"line":197,"column":16},"end":{"line":197,"column":47}},"112":{"start":{"line":200,"column":8},"end":{"line":202,"column":9}},"113":{"start":{"line":201,"column":12},"end":{"line":201,"column":29}},"114":{"start":{"line":205,"column":22},"end":{"line":205,"column":30}},"115":{"start":{"line":206,"column":8},"end":{"line":229,"column":9}},"116":{"start":{"line":207,"column":12},"end":{"line":209,"column":13}},"117":{"start":{"line":208,"column":16},"end":{"line":208,"column":47}},"118":{"start":{"line":210,"column":15},"end":{"line":229,"column":9}},"119":{"start":{"line":211,"column":12},"end":{"line":211,"column":31}},"120":{"start":{"line":212,"column":15},"end":{"line":229,"column":9}},"121":{"start":{"line":213,"column":12},"end":{"line":213,"column":33}},"122":{"start":{"line":214,"column":15},"end":{"line":229,"column":9}},"123":{"start":{"line":215,"column":12},"end":{"line":215,"column":35}},"124":{"start":{"line":216,"column":15},"end":{"line":229,"column":9}},"125":{"start":{"line":217,"column":12},"end":{"line":217,"column":34}},"126":{"start":{"line":218,"column":15},"end":{"line":229,"column":9}},"127":{"start":{"line":219,"column":12},"end":{"line":219,"column":34}},"128":{"start":{"line":221,"column":12},"end":{"line":221,"column":54}},"129":{"start":{"line":222,"column":12},"end":{"line":228,"column":13}},"130":{"start":{"line":223,"column":16},"end":{"line":223,"column":55}},"131":{"start":{"line":224,"column":19},"end":{"line":228,"column":13}},"132":{"start":{"line":227,"column":16},"end":{"line":227,"column":42}},"133":{"start":{"line":230,"column":8},"end":{"line":230,"column":53}},"134":{"start":{"line":231,"column":8},"end":{"line":231,"column":21}},"135":{"start":{"line":234,"column":4},"end":{"line":347,"column":5}},"136":{"start":{"line":235,"column":21},"end":{"line":235,"column":25}},"137":{"start":{"line":238,"column":24},"end":{"line":238,"column":32}},"138":{"start":{"line":239,"column":42},"end":{"line":239,"column":69}},"139":{"start":{"line":240,"column":12},"end":{"line":290,"column":13}},"140":{"start":{"line":241,"column":16},"end":{"line":241,"column":39}},"141":{"start":{"line":242,"column":16},"end":{"line":247,"column":17}},"142":{"start":{"line":243,"column":20},"end":{"line":243,"column":64}},"143":{"start":{"line":244,"column":20},"end":{"line":244,"column":106}},"144":{"start":{"line":246,"column":20},"end":{"line":246,"column":65}},"145":{"start":{"line":249,"column":16},"end":{"line":254,"column":17}},"146":{"start":{"line":250,"column":20},"end":{"line":250,"column":64}},"147":{"start":{"line":251,"column":20},"end":{"line":251,"column":106}},"148":{"start":{"line":253,"column":20},"end":{"line":253,"column":65}},"149":{"start":{"line":255,"column":16},"end":{"line":289,"column":17}},"150":{"start":{"line":257,"column":20},"end":{"line":282,"column":21}},"151":{"start":{"line":258,"column":24},"end":{"line":268,"column":27}},"152":{"start":{"line":259,"column":4
[...]
":{"start":{"line":84,"column":43},"end":{"line":84,"column":44}},"loc":{"start":{"line":84,"column":70},"end":{"line":88,"column":17}},"line":84},"10":{"name":"(anonymous_10)","decl":{"start":{"line":85,"column":51},"end":{"line":85,"column":52}},"loc":{"start":{"line":85,"column":68},"end":{"line":87,"column":21}},"line":85},"11":{"name":"(anonymous_11)","decl":{"start":{"line":92,"column":27},"end":{"line":92,"column":28}},"loc":{"start":{"line":92,"column":54},"end":{"line":96,"column":9}},"line":92},"12":{"name":"(anonymous_12)","decl":{"start":{"line":93,"column":25},"end":{"line":93,"column":26}},"loc":{"start":{"line":93,"column":50},"end":{"line":95,"column":13}},"line":93},"13":{"name":"(anonymous_13)","decl":{"start":{"line":99,"column":28},"end":{"line":99,"column":29}},"loc":{"start":{"line":99,"column":63},"end":{"line":101,"column":5}},"line":99},"14":{"name":"(anonymous_14)","decl":{"start":{"line":103,"column":27},"end":{"line":103,"column":28}},"loc":{"start":{"line":103,"column":56},"end":{"line":109,"column":5}},"line":103},"15":{"name":"_new","decl":{"start":{"line":112,"column":15},"end":{"line":112,"column":19}},"loc":{"start":{"line":112,"column":51},"end":{"line":146,"column":1}},"line":112},"16":{"name":"_show","decl":{"start":{"line":148,"column":9},"end":{"line":148,"column":14}},"loc":{"start":{"line":148,"column":40},"end":{"line":201,"column":1}},"line":148},"17":{"name":"mainFunction","decl":{"start":{"line":185,"column":13},"end":{"line":185,"column":25}},"loc":{"start":{"line":185,"column":36},"end":{"line":194,"column":5}},"line":185},"18":{"name":"(anonymous_18)","decl":{"start":{"line":187,"column":18},"end":{"line":187,"column":19}},"loc":{"start":{"line":187,"column":32},"end":{"line":190,"column":13}},"line":187},"19":{"name":"(anonymous_19)","decl":{"start":{"line":191,"column":19},"end":{"line":191,"column":20}},"loc":{"start":{"line":191,"column":26},"end":{"line":193,"column":13}},"line":191},"20":{"name":"(anonymous_20)","decl":{"start":{"line":196,"column":23},"end":{"line":196,"column":24}},"loc":{"start":{"line":196,"column":50},"end":{"line":200,"column":5}},"line":196},"21":{"name":"(anonymous_21)","decl":{"start":{"line":197,"column":21},"end":{"line":197,"column":22}},"loc":{"start":{"line":197,"column":46},"end":{"line":199,"column":9}},"line":197},"22":{"name":"_select","decl":{"start":{"line":203,"column":9},"end":{"line":203,"column":16}},"loc":{"start":{"line":203,"column":49},"end":{"line":362,"column":1}},"line":203},"23":{"name":"defineInclusions","decl":{"start":{"line":207,"column":13},"end":{"line":207,"column":29}},"loc":{"start":{"line":207,"column":55},"end":{"line":250,"column":5}},"line":207},"24":{"name":"_defineInclusions","decl":{"start":{"line":252,"column":13},"end":{"line":252,"column":30}},"loc":{"start":{"line":252,"column":38},"end":{"line":325,"column":5}},"line":252},"25":{"name":"include","decl":{"start":{"line":256,"column":17},"end":{"line":256,"column":24}},"loc":{"start":{"line":256,"column":56},"end":{"line":269,"column":9}},"line":256},"26":{"name":"mainFunction","decl":{"start":{"line":327,"column":13},"end":{"line":327,"column":25}},"loc":{"start":{"line":327,"column":45},"end":{"line":351,"column":5}},"line":327},"27":{"name":"(anonymous_27)","decl":{"start":{"line":345,"column":18},"end":{"line":345,"column":19}},"loc":{"start":{"line":345,"column":28},"end":{"line":347,"column":13}},"line":345},"28":{"name":"(anonymous_28)","decl":{"start":{"line":348,"column":19},"end":{"line":348,"column":20}},"loc":{"start":{"line":348,"column":30},"end":{"line":350,"column":13}},"line":348},"29":{"name":"(anonymous_29)","decl":{"start":{"line":357,"column":23},"end":{"line":357,"column":24}},"loc":{"start":{"line":357,"column":50},"end":{"line":361,"column":5}},"line":357},"30":{"name":"(anonymous_30)","decl":{"start":{"line":358,"column":30},"end":{"line":358,"column":31}},"loc":{"start":{"line":358,"column":55},"end":{"line":360,"column":9}},"line":358}},"branchMap":{"0":{"loc":{"start":{"line":27,"column":12},"end":{"line":29,"column":13}},"type":"if","locations":[{"start":{"line":27,"column":12},"end":{"line":29,"column":13}},{"start":{"line":27,"column":12},"end":{"line":29,"column":13}}],"line":27},"1":{"loc":{"start":{"line":31,"column":12},"end":{"line":38,"column":13}},"type":"if","locations":[{"start":{"line":31,"column":12},"end":{"line":38,"column":13}},{"start":{"line":31,"column":12},"end":{"line":38,"column":13}}],"line":31},"2":{"loc":{"start":{"line":51,"column":8},"end":{"line":60,"column":9}},"type":"if","locations":[{"start":{"line":51,"column":8},"end":{"line":60,"column":9}},{"start":{"line":51,"column":8},"end":{"line":60,"column":9}}],"line":51},"3":{"loc":{"start":{"line":68,"column":8},"end":{"line":71,"column":9}},"type":"if","locations":[{"start":{"line":68,"column":8},"end":{"line":71,"column":9}},{"start":{"line":68,"column":8},"end":{"line":71,"column":9}}],"line":68},"4":{"loc":{"start":{"line":77,"column":8},"end":{"line":79,"column":9}},"type":"if","locations":[{"start":{"line":77,"column":8},"end":{"line":79,"column":9}},{"start":{"line":77,"column":8},"end":{"line":79,"column":9}}],"line":77},"5":{"loc":{"start":{"line":94,"column":16},"end":{"line":94,"column":55}},"type":"cond-expr","locations":[{"start":{"line":94,"column":24},"end":{"line":94,"column":37}},{"start":{"line":94,"column":40},"end":{"line":94,"column":55}}],"line":94},"6":{"loc":{"start":{"line":105,"column":8},"end":{"line":107,"column":9}},"type":"if","locations":[{"start":{"line":105,"column":8},"end":{"line":107,"column":9}},{"start":{"line":105,"column":8},"end":{"line":107,"column":9}}],"line":105},"7":{"loc":{"start":{"line":116,"column":23},"end":{"line":116,"column":45}},"type":"binary-expr","locations":[{"start":{"line":116,"column":23},"end":{"line":116,"column":39}},{"start":{"line":116,"column":43},"end":{"line":116,"column":45}}],"line":116},"8":{"loc":{"start":{"line":119,"column":4},"end":{"line":122,"column":5}},"type":"if","locations":[{"start":{"line":119,"column":4},"end":{"line":122,"column":5}},{"start":{"line":119,"column":4},"end":{"line":122,"column":5}}],"line":119},"9":{"loc":{"start":{"line":119,"column":8},"end":{"line":119,"column":77}},"type":"binary-expr","locations":[{"start":{"line":119,"column":8},"end":{"line":119,"column":24}},{"start":{"line":119,"column":28},"end":{"line":119,"column":46}},{"start":{"line":119,"column":50},"end":{"line":119,"column":77}}],"line":119},"10":{"loc":{"start":{"line":123,"column":4},"end":{"line":127,"column":5}},"type":"if","locations":[{"start":{"line":123,"column":4},"end":{"line":127,"column":5}},{"start":{"line":123,"column":4},"end":{"line":127,"column":5}}],"line":123},"11":{"loc":{"start":{"line":123,"column":8},"end":{"line":123,"column":66}},"type":"binary-expr","locations":[{"start":{"line":123,"column":8},"end":{"line":123,"column":24}},{"start":{"line":123,"column":28},"end":{"line":123,"column":66}}],"line":123},"12":{"loc":{"start":{"line":129,"column":4},"end":{"line":136,"column":5}},"type":"if","locations":[{"start":{"line":129,"column":4},"end":{"line":136,"column":5}},{"start":{"line":129,"column":4},"end":{"line":136,"column":5}}],"line":129},"13":{"loc":{"start":{"line":132,"column":12},"end":{"line":134,"column":13}},"type":"if","locations":[{"start":{"line":132,"column":12},"end":{"line":134,"column":13}},{"start":{"line":132,"column":12},"end":{"line":134,"column":13}}],"line":132},"14":{"loc":{"start":{"line":138,"column":4},"end":{"line":144,"column":5}},"type":"if","locations":[{"start":{"line":138,"column":4},"end":{"line":144,"column":5}},{"start":{"line":138,"column":4},"end":{"line":144,"column":5}}],"line":138},"15":{"loc":{"start":{"line":140,"column":12},"end":{"line":142,"column":13}},"type":"if","locations":[{"start":{"line":140,"column":12},"end":{"line":142,"column":13}},{"start":{"line":140,"column":12},"end":{"line":142,"column":13}}],"line":140},"16":{"loc":{"start":{"line":140,"column":16},"end":{"line":140,"column":60}},"type":"binary-expr","locations":[{"start":{"line":140,"column":16},"end":{"line":140,"column":33}},{"start":{"line":140,"column":37},"end":{"line":140,"column":60}}],"line":140},"17":{"loc":{"start":{"line":150,"column":4},"end":{"line":152,"column":5}},"type":"if","locations":[{"start":{"line":150,"column":4},"end":{"line":152,"column":5}},{"start":{"line":150,"column":4},"end":{"line":152,"column":5}}],"line":150},"18":{"loc":{"start":{"line":153,"column":4},"end":{"line":155,"column":5}},"type":"if","locations":[{"start":{"line":153,"column":4},"end":{"line":155,"column":5}},{"start":{"line":153,"column":4},"end":{"line":155,"column":5}}],"line":153},"19":{"loc":{"start":{"line":157,"column":4},"end":{"line":159,"column":5}},"type":"if","locations":[{"start":{"line":157,"column":4},"end":{"line":159,"column":5}},{"start":{"line":157,"column":4},"end":{"line":159,"column":5}}],"line":157},"20":{"loc":{"start":{"line":160,"column":4},"end":{"line":164,"column":5}},"type":"if","locations":[{"start":{"line":160,"column":4},"end":{"line":164,"column":5}},{"start":{"line":160,"column":4},"end":{"line":164,"column":5}}],"line":160},"21":{"loc":{"start":{"line":160,"column":8},"end":{"line":160,"column":66}},"type":"binary-expr","locations":[{"start":{"line":160,"column":8},"end":{"line":160,"column":26}},{"start":{"line":160,"column":30},"end":{"line":160,"column":66}}],"line":160},"22":{"loc":{"start":{"line":166,"column":4},"end":{"line":170,"column":5}},"type":"if","locations":[{"start":{"line":166,"column":4},"end":{"line":170,"column":5}},{"start":{"line":166,"column":4},"end":{"line":170,"column":5}}],"line":166},"23":{"loc":{"start":{"line":166,"column":8},"end":{"line":166,"column":64}},"type":"binary-expr","locations":[{"start":{"line":166,"column":8},"end":{"line":166,"column":25}},{"start":{"line":166,"column":29},"end":{"line":166,"column":64}}],"line":166},"24":{"loc":{"start":{"line":172,"column":4},"end":{"line":176,"column":5}},"type":"if","locations":[{"start":{"line":172,"column":4},"end":{"line":176,"column":5}},{"start":{"line":172,"column":4},"end":{"line":176,"column":5}}],"line":172},"25":{"loc":{"start":{"line":198,"column":12},"end":{"line":198,"column":51}},"type":"cond-expr","locations":[{"start":{"line":198,"column":20},"end":{"line":198,"column":33}},{"start":{"line":198,"column":36},"end":{"line":198,"column":51}}],"line":198},"26":{"loc":{"start":{"line":216,"column":20},"end":{"line":216,"column":33}},"type":"binary-expr","locations":[{"start":{"line":216,"column":20},"end":{"line":216,"column":28}},{"start":{"line":216,"column":32},"end":{"line":216,"column":33}}],"line":216},"27":{"loc":{"start":{"line":223,"column":8},"end":{"line":248,"column":9}},"type":"if","locations":[{"start":{"line":223,"column":8},"end":{"line":248,"column":9}},{"start":{"line":223,"column":8},"end":{"line":248,"column":9}}],"line":223},"28":{"loc":{"start":{"line":231,"column":16},"end":{"line":234,"column":17}},"type":"if","locations":[{"start":{"line":231,"column":16},"end":{"line":234,"column":17}},{"start":{"line":231,"column":16},"end":{"line":234,"column":17}}],"line":231},"29":{"loc":{"start":{"line":235,"column":16},"end":{"line":245,"column":17}},"type":"if","locations":[{"start":{"line":235,"column":16},"end":{"line":245,"column":17}},{"start":{"line":235,"column":16},"end":{"line":245,"column":17}}],"line":235},"30":{"loc":{"start":{"line":236,"column":20},"end":{"line":240,"column":21}},"type":"if","locations":[{"start":{"line":236,"column":20},"end":{"line":240,"column":21}},{"start":{"line":236,"column":20},"end":{"line":240,"column":21}}],"line":236},"31":{"loc":{"start":{"line":241,"column":23},"end":{"line":245,"column":17}},"type":"if","locations":[{"start":{"line":241,"column":23},"end":{"line":245,"column":17}},{"start":{"line":241,"column":23},"end":{"line":245,"column":17}}],"line":241},"32":{"loc":{"start":{"line":243,"column":23},"end":{"line":245,"column":17}},"type":"if","locations":[{"start":{"line":243,"column":23},"end":{"line":245,"column":17}},{"start":{"line":243,"column":23},"end":{"line":245,"column":17}}],"line":243},"33":{"loc":{"start":{"line":262,"column":12},"end":{"line":265,"column":13}},"type":"if","locations":[{"start":{"line":262,"column":12},"end":{"line":265,"column":13}},{"start":{"line":262,"column":12},"end":{"line":265,"column":13}}],"line":262},"34":{"loc":{"start":{"line":273,"column":8},"end":{"line":323,"column":9}},"type":"if","locations":[{"start":{"line":273,"column":8},"end":{"line":323,"column":9}},{"start":{"line":273,"column":8},"end":{"line":323,"column":9}}],"line":273},"35":{"loc":{"start":{"line":276,"column":16},"end":{"line":321,"column":17}},"type":"if","locations":[{"start":{"line":276,"column":16},"end":{"line":321,"column":17}},{"start":{"line":276,"column":16},"end":{"line":321,"column":17}}],"line":276},"36":{"loc":{"start":{"line":277,"column":20},"end":{"line":299,"column":21}},"type":"if","locations":[{"start":{"line":277,"column":20},"end":{"line":299,"column":21}},{"start":{"line":277,"column":20},"end":{"line":299,"column":21}}],"line":277},"37":{"loc":{"start":{"line":282,"column":28},"end":{"line":284,"column":29}},"type":"if","locations":[{"start":{"line":282,"column":28},"end":{"line":284,"column":29}},{"start":{"line":282,"column":28},"end":{"line":284,"column":29}}],"line":282},"38":{"loc":{"start":{"line":295,"column":24},"end":{"line":297,"column":25}},"type":"if","locations":[{"start":{"line":295,"column":24},"end":{"line":297,"column":25}},{"start":{"line":295,"column":24},"end":{"line":297,"column":25}}],"line":295},"39":{"loc":{"start":{"line":300,"column":23},"end":{"line":321,"column":17}},"type":"if","locations":[{"start":{"line":300,"column":23},"end":{"line":321,"column":17}},{"start":{"line":300,"column":23},"end":{"line":321,"column":17}}],"line":300},"40":{"loc":{"start":{"line":308,"column":20},"end":{"line":320,"column":21}},"type":"if","locations":[{"start":{"line":308,"column":20},"end":{"line":320,"column":21}},{"start":{"line":308,"column":20},"end":{"line":320,"column":21}}],"line":308},"41":{"loc":{"start":{"line":312,"column":28},"end":{"line":317,"column":29}},"type":"if","locations":[{"start":{"line":312,"column":28},"end":{"line":317,"column":29}},{"start":{"line":312,"column":28},"end":{"line":317,"column":29}}],"line":312},"42":{"loc":{"start":{"line":329,"column":8},"end":{"line":331,"column":9}},"type":"if","locations":[{"start":{"line":329,"column":8},"end":{"line":331,"column":9}},{"start":{"line":329,"column":8},"end":{"line":331,"column":9}}],"line":329},"43":{"loc":{"start":{"line":338,"column":8},"end":{"line":340,"column":9}},"type":"if","locations":[{"start":{"line":338,"column":8},"end":{"line":340,"column":9}},{"start":{"line":338,"column":8},"end":{"line":340,"column":9}}],"line":338},"44":{"loc":{"start":{"line":353,"column":4},"end":{"line":355,"column":5}},"type":"if","locations":[{"start":{"line":353,"column":4},"end":{"line":355,"column":5}},{"start":{"line":353,"column":4},"end":{"line":355,"column":5}}],"line":353},"45":{"loc":{"start":{"line":359,"column":12},"end":{"line":359,"column":51}},"type":"cond-expr","locations":[{"start":{"line":359,"column":20},"end":{"line":359,"column":33}},{"start":{"line":359,"column":36},"end":{"line":359,"column":51}}],"line":359}},"s":{"0":0,"1":0,"2":0,"3":0,"4":0,"5":0,"6":0,"7":0,"8":0,"9":0,"10":0,"11":0,"12":0,"13":0,"14":0,"15":0,"16":0,"17":0,"18":0,"19":0,"20":0,"21":0,"22":0,"23":0,"24":0,"25":0,"26":0,"27":0,"28":0,"29":0,"30":0,"31":0,"32":0,"33":0,"34":0,"35":0,"36":0,"37":0,"38":0,"39":0,"40":0,"41":0,"42":0,"43":0,"44":0,"45":0,"46":0,"47":0,"48":0,"49":0,"50":0,"51":0,"52":0,"53":0,"54":0,"55":0,"56":0,"57":0,"58":0,"59":0,"60":0,"61":0,"62":0,"63":0,"64":0,"65":0,"66":0,"67":0,"68":0,"69":0,"70":0,"71":0,"72":0,"73":0,"74":0,"75":0,"76":0,"77":0,"78":0,"79":0,"80":0,"81":0,"82":0,"83":0,"84":0,"85":0,"86":0,"87":0,"88":0,"89":0,"90":0,"91":0,"92":0,"93":0,"94":0,"95":0,"96":0,"97":0,"98":0,"99":0,"100":0,"101":0,"102":0,"103":0,"104":0,"105":0,"106":0,"107":0,"108":0,"109":0,"110":0,"111":0,"112":0,"113":0,"114":0,"115":0,"116":0,"117":0,"118":0,"119":0,"120":0,"121":0,"122":0,"123":0,"124":0,"125":0,"126":0,"127":0,"128":0,"129":0,"130":0,"131":0,"132":0,"133":0,"134":0,"135":0,"136":0,"137":0,"138":0,"139":0,"140":0,"141":0,"142":0,"143":0,"144":0,"145":0,"146":0,"147":0,"148":0,"149":0,"150":0,"151":0,"152":0,"153":0,"154":0,"155":0,"156":0,"157":0,"158":0,"159":0,"160":0,"161":0,"162":0,"163":0,"164":0,"165":0,"166":0,"167":0,"168":0,"169":0,"170":0,"171":0,"172":0,"173":0},"f":{"0":0,"1":0,"2":0,"3":0,"4":0,"5":0,"6":0,"7":0,"8":0,"9":0,"10":0,"11":0,"12":0,"13":0,"14":0,"15":0,"16":0,"17":0,"18":0,"19":0,"20":0,"21":0,"22":0,"23":0,"24":0,"25":0,"26":0,"27":0,"28":0,"29":0,"30":0},"b":{"0":[0,0],"1":[0,0],"2":[0,0],"3":[0,0],"4":[0,0],"5":[0,0],"6":[0,0],"7":[0,0],"8":[0,0],"9":[0,0,0],"10":[0,0],"11":[0,0],"12":[0,0],"13":[0,0],"14":[0,0],"15":[0,0],"16":[0,0],"17":[0,0],"18":[0,0],"19":[0,0],"20":[0,0],"21":[0,0],"22":[0,0],"23":[0,0],"24":[0,0],"25":[0,0],"26":[0,0],"27":[0,0],"28":[0,0],"29":[0,0],"30":[0,0],"31":[0,0],"32":[0,0],"33":[0,0],"34":[0,0],"35":[0,0],"36":[0,0],"37":[0,0],"38":[0,0],"39":[0,0],"40":[0,0],"41":[0,0],"42":[0,0],"43":[0,0],"44":[0,0],"45":[0,0]},"all":true},"c:\\ITProjects\\cubismo\\cubismo\\cli\\cli.ts":{"path":"c:\\ITProjects\\cubismo\\cubismo\\cli\\cli.ts","statementMap":{"0":{"start":{"line":6,"column":0},"end":{"line":6,"column":25}},"1":{"start":{"line":8,"column":0},"end":{"line":23,"column":4}},"2":{"start":{"line":17,"column":4},"end":{"line":17,"column":51}},"3":{"start":{"line":18,"column":4},"end":{"line":22,"column":5}},"4":{"start":{"line":19,"column":6},"end":{"line":19,"column":25}},"5":{"start":{"line":21,"column":6},"end":{"line":21,"column":35}},"6":{"start":{"line":25,"column":2},"end":{"line":33,"column":5}},"7":{"start":{"line":28,"column":4},"end":{"line":32,"column":5}},"8":{"start":{"line":29,"column":6},"end":{"line":29,"column":29}},"9":{"start":{"line":31,"column":6},"end":{"line":31,"column":35}},"10":{"start":{"line":35,"column":0},"end":{"line":39,"column":1}},"11":{"start":{"line":36,"column":2},"end":{"line":36,"column":18}},"12":{"start":{"line":38,"column":2},"end":{"line":38,"column":31}}},"fnMap":{"0":{"name":"(anonymous_0)","decl":{"start":{"line":16,"column":10},"end":{"line":16,"column":11}},"loc":{"start":{"line":16,"column":44},"end":{"line":23,"column":3}},"line":16},"1":{"name":"(anonymous_1)","decl":{"start":{"line":27,"column":10},"end":{"line":27,"column":11}},"loc":{"start":{"line":27,"column":22},"end":{"line":33,"column":3}},"line":27}},"branchMap":{"0":{"loc":{"start":{"line":17,"column":21},"end":{"line":17,"column":50}},"type":"binary-expr","locations":[{"start":{"line":17,"column":21},"end":{"line":17,"column":25}},{"start":{"line":17,"column":29},"end":{"line":17,"column":43}},{"start":{"line":17,"column":47},"end":{"line":17,"column":50}}],"line":17}},"s":{"0":0,"1":0,"2":0,"3":0,"4":0,"5":0,"6":0,"7":0,"8":0,"9":0,"10":0,"11":0,"12":0},"f":{"0":0,"1":0},"b":{"0":[0,0,0]},"all":true},"c:\\ITProjects\\cubismo\\cubismo\\core\\Communicator.ts":{"path":"c:\\ITProjects\\cubismo\\cubismo\\core\\Communicator.ts","statementMap":{},"fnMap":{},"branchMap":{},"s":{},"f":{},"b":{},"all":true},"c:\\ITProjects\\cubismo\\cubismo\\database\\sqlBuildFrom.ts":{"path":"c:\\ITProjects\\cubismo\\cubismo\\database\\sqlBuildFrom.ts","statementMap":{},"fnMap":{},"branchMap":{},"s":{},"f":{},"b":{},"all":true},"c:\\ITProjects\\cubismo\\cubismo\\environment\\Constants.ts":{"path":"c:\\ITProjects\\cubismo\\cubismo\\environment\\Constants.ts","statementMap":{"0":{"start":{"line":1,"column":33},"end":{"line":1,"column":37}},"1":{"start":{"line":2,"column":33},"end":{"line":2,"column":35}}},"fnMap":{},"branchMap":{},"s":{"0":0,"1":0},"f":{},"b":{},"all":true}}